0_0_147.jpg 0_0_147.png
0_0_155.jpg 0_0_155.png
0_0_280.jpg 0_0_280.png
0_0_284.jpg 0_0_284.png
0_0_431.jpg 0_0_431.png
0_0_547.jpg 0_0_547.png
0_0_579.jpg 0_0_579.png
0_0_735.jpg 0_0_735.png
0_0_77.jpg 0_0_77.png
0_0_818.jpg 0_0_818.png
0_0_951.jpg 0_0_951.png
0_10_10134.jpg 0_10_10134.png
0_10_10135.jpg 0_10_10135.png
0_10_10176.jpg 0_10_10176.png
0_10_10343.jpg 0_10_10343.png
0_10_10392.jpg 0_10_10392.png
0_10_10396.jpg 0_10_10396.png
0_10_10484.jpg 0_10_10484.png
0_10_10507.jpg 0_10_10507.png
0_10_10545.jpg 0_10_10545.png
0_10_10938.jpg 0_10_10938.png
0_11_11179.jpg 0_11_11179.png
0_11_11219.jpg 0_11_11219.png
0_11_11281.jpg 0_11_11281.png
0_11_11313.jpg 0_11_11313.png
0_11_11325.jpg 0_11_11325.png
0_11_11435.jpg 0_11_11435.png
0_11_11459.jpg 0_11_11459.png
0_11_11480.jpg 0_11_11480.png
0_11_11533.jpg 0_11_11533.png
0_11_11557.jpg 0_11_11557.png
0_11_11830.jpg 0_11_11830.png
0_11_11875.jpg 0_11_11875.png
0_11_11924.jpg 0_11_11924.png
0_11_11987.jpg 0_11_11987.png
0_12_12000.jpg 0_12_12000.png
0_12_12048.jpg 0_12_12048.png
0_12_12072.jpg 0_12_12072.png
0_12_12322.jpg 0_12_12322.png
0_12_12372.jpg 0_12_12372.png
0_12_12429.jpg 0_12_12429.png
0_12_12597.jpg 0_12_12597.png
0_12_12693.jpg 0_12_12693.png
0_12_12705.jpg 0_12_12705.png
0_12_12750.jpg 0_12_12750.png
0_12_12771.jpg 0_12_12771.png
0_12_12816.jpg 0_12_12816.png
0_12_12833.jpg 0_12_12833.png
0_12_12884.jpg 0_12_12884.png
0_12_12921.jpg 0_12_12921.png
0_12_12923.jpg 0_12_12923.png
0_12_12974.jpg 0_12_12974.png
0_13_13036.jpg 0_13_13036.png
0_13_13264.jpg 0_13_13264.png
0_13_13308.jpg 0_13_13308.png
0_13_13339.jpg 0_13_13339.png
0_13_13349.jpg 0_13_13349.png
0_13_13356.jpg 0_13_13356.png
0_13_13361.jpg 0_13_13361.png
0_13_13420.jpg 0_13_13420.png
0_13_13450.jpg 0_13_13450.png
0_13_13453.jpg 0_13_13453.png
0_13_13460.jpg 0_13_13460.png
0_13_13845.jpg 0_13_13845.png
0_14_14093.jpg 0_14_14093.png
0_14_14181.jpg 0_14_14181.png
0_14_14532.jpg 0_14_14532.png
0_14_14830.jpg 0_14_14830.png
0_14_14901.jpg 0_14_14901.png
0_15_15264.jpg 0_15_15264.png
0_15_15345.jpg 0_15_15345.png
0_15_15522.jpg 0_15_15522.png
0_15_15622.jpg 0_15_15622.png
0_15_15644.jpg 0_15_15644.png
0_15_15742.jpg 0_15_15742.png
0_16_16030.jpg 0_16_16030.png
0_16_16079.jpg 0_16_16079.png
0_16_16403.jpg 0_16_16403.png
0_16_16629.jpg 0_16_16629.png
0_16_16947.jpg 0_16_16947.png
0_16_16968.jpg 0_16_16968.png
0_16_16989.jpg 0_16_16989.png
0_17_17251.jpg 0_17_17251.png
0_17_17369.jpg 0_17_17369.png
0_17_17388.jpg 0_17_17388.png
0_17_17407.jpg 0_17_17407.png
0_17_17526.jpg 0_17_17526.png
0_17_17569.jpg 0_17_17569.png
0_17_17660.jpg 0_17_17660.png
0_18_18219.jpg 0_18_18219.png
0_18_18254.jpg 0_18_18254.png
0_18_18314.jpg 0_18_18314.png
0_18_18358.jpg 0_18_18358.png
0_18_18661.jpg 0_18_18661.png
0_18_18690.jpg 0_18_18690.png
0_18_18699.jpg 0_18_18699.png
0_18_18720.jpg 0_18_18720.png
0_18_18725.jpg 0_18_18725.png
0_18_18732.jpg 0_18_18732.png
0_18_18763.jpg 0_18_18763.png
0_18_18804.jpg 0_18_18804.png
0_18_18816.jpg 0_18_18816.png
0_18_18852.jpg 0_18_18852.png
0_18_18880.jpg 0_18_18880.png
0_18_18961.jpg 0_18_18961.png
0_19_19136.jpg 0_19_19136.png
0_19_19200.jpg 0_19_19200.png
0_19_19214.jpg 0_19_19214.png
0_19_19686.jpg 0_19_19686.png
0_19_19820.jpg 0_19_19820.png
0_19_19930.jpg 0_19_19930.png
0_1_1626.jpg 0_1_1626.png
0_1_1664.jpg 0_1_1664.png
0_1_1696.jpg 0_1_1696.png
0_1_1865.jpg 0_1_1865.png
0_20_20085.jpg 0_20_20085.png
0_20_20144.jpg 0_20_20144.png
0_20_20368.jpg 0_20_20368.png
0_20_20724.jpg 0_20_20724.png
0_20_20772.jpg 0_20_20772.png
0_21_21001.jpg 0_21_21001.png
0_21_21093.jpg 0_21_21093.png
0_21_21135.jpg 0_21_21135.png
0_21_21147.jpg 0_21_21147.png
0_21_21332.jpg 0_21_21332.png
0_21_21413.jpg 0_21_21413.png
0_21_21703.jpg 0_21_21703.png
0_21_21938.jpg 0_21_21938.png
0_21_21974.jpg 0_21_21974.png
0_22_22047.jpg 0_22_22047.png
0_22_22147.jpg 0_22_22147.png
0_22_22219.jpg 0_22_22219.png
0_22_22502.jpg 0_22_22502.png
0_23_23003.jpg 0_23_23003.png
0_23_23069.jpg 0_23_23069.png
0_23_23355.jpg 0_23_23355.png
0_23_23577.jpg 0_23_23577.png
0_23_23645.jpg 0_23_23645.png
0_23_23666.jpg 0_23_23666.png
0_23_23732.jpg 0_23_23732.png
0_24_24071.jpg 0_24_24071.png
0_24_24101.jpg 0_24_24101.png
0_24_24234.jpg 0_24_24234.png
0_24_24368.jpg 0_24_24368.png
0_24_24431.jpg 0_24_24431.png
0_24_24440.jpg 0_24_24440.png
0_24_24442.jpg 0_24_24442.png
0_24_24455.jpg 0_24_24455.png
0_24_24456.jpg 0_24_24456.png
0_24_24492.jpg 0_24_24492.png
0_24_24500.jpg 0_24_24500.png
0_24_24532.jpg 0_24_24532.png
0_24_24670.jpg 0_24_24670.png
0_24_24866.jpg 0_24_24866.png
0_24_24906.jpg 0_24_24906.png
0_24_24951.jpg 0_24_24951.png
0_24_24971.jpg 0_24_24971.png
0_24_24973.jpg 0_24_24973.png
0_2_2225.jpg 0_2_2225.png
0_2_2546.jpg 0_2_2546.png
0_2_2551.jpg 0_2_2551.png
0_2_2721.jpg 0_2_2721.png
0_2_2950.jpg 0_2_2950.png
0_3_3142.jpg 0_3_3142.png
0_3_3276.jpg 0_3_3276.png
0_3_3308.jpg 0_3_3308.png
0_3_3317.jpg 0_3_3317.png
0_3_3327.jpg 0_3_3327.png
0_3_3344.jpg 0_3_3344.png
0_3_3345.jpg 0_3_3345.png
0_3_3374.jpg 0_3_3374.png
0_3_3434.jpg 0_3_3434.png
0_3_3467.jpg 0_3_3467.png
0_3_3473.jpg 0_3_3473.png
0_3_3559.jpg 0_3_3559.png
0_3_3654.jpg 0_3_3654.png
0_3_3692.jpg 0_3_3692.png
0_4_4038.jpg 0_4_4038.png
0_4_4316.jpg 0_4_4316.png
0_4_4666.jpg 0_4_4666.png
0_4_4838.jpg 0_4_4838.png
0_4_4870.jpg 0_4_4870.png
0_4_4976.jpg 0_4_4976.png
0_5_5031.jpg 0_5_5031.png
0_5_5108.jpg 0_5_5108.png
0_5_5131.jpg 0_5_5131.png
0_5_5189.jpg 0_5_5189.png
0_5_5268.jpg 0_5_5268.png
0_5_5566.jpg 0_5_5566.png
0_5_5634.jpg 0_5_5634.png
0_5_5673.jpg 0_5_5673.png
0_5_5706.jpg 0_5_5706.png
0_5_5948.jpg 0_5_5948.png
0_5_5953.jpg 0_5_5953.png
0_6_6087.jpg 0_6_6087.png
0_6_6112.jpg 0_6_6112.png
0_6_6227.jpg 0_6_6227.png
0_6_6287.jpg 0_6_6287.png
0_6_6574.jpg 0_6_6574.png
0_6_6618.jpg 0_6_6618.png
0_6_6823.jpg 0_6_6823.png
0_6_6826.jpg 0_6_6826.png
0_6_6830.jpg 0_6_6830.png
0_6_6833.jpg 0_6_6833.png
0_6_6847.jpg 0_6_6847.png
0_6_6876.jpg 0_6_6876.png
0_6_6917.jpg 0_6_6917.png
0_6_6975.jpg 0_6_6975.png
0_7_7129.jpg 0_7_7129.png
0_7_7540.jpg 0_7_7540.png
0_7_7586.jpg 0_7_7586.png
0_7_7677.jpg 0_7_7677.png
0_7_7697.jpg 0_7_7697.png
0_7_7796.jpg 0_7_7796.png
0_7_7817.jpg 0_7_7817.png
0_7_7923.jpg 0_7_7923.png
0_7_7981.jpg 0_7_7981.png
0_8_8108.jpg 0_8_8108.png
0_8_8241.jpg 0_8_8241.png
0_8_8454.jpg 0_8_8454.png
0_8_8648.jpg 0_8_8648.png
0_8_8814.jpg 0_8_8814.png
0_8_8976.jpg 0_8_8976.png
0_9_9002.jpg 0_9_9002.png
0_9_9003.jpg 0_9_9003.png
0_9_9033.jpg 0_9_9033.png
0_9_9127.jpg 0_9_9127.png
0_9_9132.jpg 0_9_9132.png
0_9_9135.jpg 0_9_9135.png
0_9_9187.jpg 0_9_9187.png
0_9_9264.jpg 0_9_9264.png
0_9_9419.jpg 0_9_9419.png
0_9_9496.jpg 0_9_9496.png
0_9_9638.jpg 0_9_9638.png
0_9_9699.jpg 0_9_9699.png
0_9_9837.jpg 0_9_9837.png
0_9_9880.jpg 0_9_9880.png
0_9_9990.jpg 0_9_9990.png
10_00000006_004.jpg 10_00000006_004.png
10_00000010_010.jpg 10_00000010_010.png
10_00000013_001.jpg 10_00000013_001.png
10_00000023_007.jpg 10_00000023_007.png
10_00000024_023.jpg 10_00000024_023.png
10_00000027_010.jpg 10_00000027_010.png
10_00000033_020.jpg 10_00000033_020.png
10_00000034_013.jpg 10_00000034_013.png
10_00000034_014.jpg 10_00000034_014.png
10_00000043_019.jpg 10_00000043_019.png
10_00000067_018.jpg 10_00000067_018.png
10_00000069_002.jpg 10_00000069_002.png
10_00000094_012.jpg 10_00000094_012.png
10_00000094_022.jpg 10_00000094_022.png
10_00000098_007.jpg 10_00000098_007.png
10_00000098_010.jpg 10_00000098_010.png
10_100814280_70659ccbfa.jpg 10_100814280_70659ccbfa.png
10_114197289_0b92e3abcc.jpg 10_114197289_0b92e3abcc.png
10_118134441_c58fc0719f.jpg 10_118134441_c58fc0719f.png
10_132474673_88eaf528f5.jpg 10_132474673_88eaf528f5.png
10_134815623_dcbd7ad8e0.jpg 10_134815623_dcbd7ad8e0.png
10_137385456_396ee799c5.jpg 10_137385456_396ee799c5.png
10_139375137_1d54fa7e20.jpg 10_139375137_1d54fa7e20.png
10_142031788_e469594839.jpg 10_142031788_e469594839.png
10_152109747_5678ebbb1c.jpg 10_152109747_5678ebbb1c.png
10_15955708.montblanc1.jpg 10_15955708.montblanc1.png
10_162330937_390a32901a.jpg 10_162330937_390a32901a.png
10_167944629_67a359c464.jpg 10_167944629_67a359c464.png
10_178480338_a73f99f0ba.jpg 10_178480338_a73f99f0ba.png
10_184503160_143a47edb1.jpg 10_184503160_143a47edb1.png
10_206775389_ad06667dc2.jpg 10_206775389_ad06667dc2.png
10_217098809_9fddf98ceb.jpg 10_217098809_9fddf98ceb.png
10_229961305_0a965550ec.jpg 10_229961305_0a965550ec.png
10_23411894_f0827bc59c.jpg 10_23411894_f0827bc59c.png
10_234794066_610aa191d1.jpg 10_234794066_610aa191d1.png
10_245737491_33814f1975.jpg 10_245737491_33814f1975.png
10_245741115_52f74157d9.jpg 10_245741115_52f74157d9.png
10_247193222_122354a299.jpg 10_247193222_122354a299.png
10_256056095_92cb6f9946.jpg 10_256056095_92cb6f9946.png
10_256246201_af99191b82.jpg 10_256246201_af99191b82.png
10_257430398_b468551510.jpg 10_257430398_b468551510.png
10_257476956_dd7b951ab3.jpg 10_257476956_dd7b951ab3.png
10_259829970_8ad028f44f.jpg 10_259829970_8ad028f44f.png
10_259830185_a6b7dd03eb.jpg 10_259830185_a6b7dd03eb.png
10_259871222_13311d0e2f.jpg 10_259871222_13311d0e2f.png
10_260372597_3269d98a53.jpg 10_260372597_3269d98a53.png
10_260610820_773d74b04a.jpg 10_260610820_773d74b04a.png
10_261185388_23b72d8b06.jpg 10_261185388_23b72d8b06.png
10_261717707_bb5b8e0b80.jpg 10_261717707_bb5b8e0b80.png
10_263808439_8c5342f1eb.jpg 10_263808439_8c5342f1eb.png
10_265870892_766e28e379.jpg 10_265870892_766e28e379.png
10_265917413_40738f7de1.jpg 10_265917413_40738f7de1.png
10_266085492_354fea0ae0.jpg 10_266085492_354fea0ae0.png
10_266284290_829ababfdb.jpg 10_266284290_829ababfdb.png
10_266448508_94af676059.jpg 10_266448508_94af676059.png
10_266501049_f8f3228c06.jpg 10_266501049_f8f3228c06.png
10_266505582_b6bea7d285.jpg 10_266505582_b6bea7d285.png
10_266618383_e120335223.jpg 10_266618383_e120335223.png
10_266684747_d96b086291.jpg 10_266684747_d96b086291.png
10_266685287_18eb05146e.jpg 10_266685287_18eb05146e.png
10_266685774_034585ce2d.jpg 10_266685774_034585ce2d.png
10_266691786_6d0cd9edb2.jpg 10_266691786_6d0cd9edb2.png
10_266774009_d85fd2d1cb.jpg 10_266774009_d85fd2d1cb.png
10_266939706_4c0698df47.jpg 10_266939706_4c0698df47.png
10_266943402_f88493c435.jpg 10_266943402_f88493c435.png
10_266985450_6d8e8f730d.jpg 10_266985450_6d8e8f730d.png
10_266996498_e98c27d9fa.jpg 10_266996498_e98c27d9fa.png
10_266996502_b334ade588.jpg 10_266996502_b334ade588.png
10_267014693_4f1ee75c4a.jpg 10_267014693_4f1ee75c4a.png
10_267183852_ce52f4236d.jpg 10_267183852_ce52f4236d.png
10_267283020_efc5754cec.jpg 10_267283020_efc5754cec.png
10_267294594_3ac14453d8.jpg 10_267294594_3ac14453d8.png
10_267300600_05f6c6fee6.jpg 10_267300600_05f6c6fee6.png
10_267300813_22fcf61089.jpg 10_267300813_22fcf61089.png
10_267303537_2872e24990.jpg 10_267303537_2872e24990.png
10_267303541_20c1da051c.jpg 10_267303541_20c1da051c.png
10_267311260_f18be257e2.jpg 10_267311260_f18be257e2.png
10_267393563_c72e472e3c.jpg 10_267393563_c72e472e3c.png
10_267463817_50230632ce.jpg 10_267463817_50230632ce.png
10_267466379_f8bbb5fcc8.jpg 10_267466379_f8bbb5fcc8.png
10_267551886_bddb4ac4b6.jpg 10_267551886_bddb4ac4b6.png
10_267558735_68fd4bd891.jpg 10_267558735_68fd4bd891.png
10_267640333_d68dd4aa2e.jpg 10_267640333_d68dd4aa2e.png
10_267689043_8ed546e74e.jpg 10_267689043_8ed546e74e.png
10_267689217_5f9b7de27c.jpg 10_267689217_5f9b7de27c.png
10_267689464_3dd591c84a.jpg 10_267689464_3dd591c84a.png
10_267690371_4874327dcc.jpg 10_267690371_4874327dcc.png
10_267693240_8ce8970324.jpg 10_267693240_8ce8970324.png
10_267693798_74248c315b.jpg 10_267693798_74248c315b.png
10_267767008_59aabbd596.jpg 10_267767008_59aabbd596.png
10_267778234_50c3b2c18d.jpg 10_267778234_50c3b2c18d.png
10_267781157_7f33392f45.jpg 10_267781157_7f33392f45.png
10_267782373_d2cbfb0560.jpg 10_267782373_d2cbfb0560.png
10_267782444_2e0050ebd9.jpg 10_267782444_2e0050ebd9.png
10_267787440_0399594cbe.jpg 10_267787440_0399594cbe.png
10_267787613_cd71b51421.jpg 10_267787613_cd71b51421.png
10_267795560_bcae5fb9db.jpg 10_267795560_bcae5fb9db.png
10_267803933_d803fdcaea.jpg 10_267803933_d803fdcaea.png
10_267849716_999316bd5f.jpg 10_267849716_999316bd5f.png
10_267907104_92b81c94cd.jpg 10_267907104_92b81c94cd.png
10_267920434_fbb13ef558.jpg 10_267920434_fbb13ef558.png
10_267921452_ed232ffb29.jpg 10_267921452_ed232ffb29.png
10_267923236_a7d4c3971f.jpg 10_267923236_a7d4c3971f.png
10_267974673_5cd8c01d05.jpg 10_267974673_5cd8c01d05.png
10_268001653_da15cc1bb1.jpg 10_268001653_da15cc1bb1.png
10_268008679_05d9f1e40f.jpg 10_268008679_05d9f1e40f.png
10_268012766_eba8915621.jpg 10_268012766_eba8915621.png
10_268012886_472fbedb54.jpg 10_268012886_472fbedb54.png
10_268023025_784a1ec774.jpg 10_268023025_784a1ec774.png
10_268032800_bfc9cd4caf.jpg 10_268032800_bfc9cd4caf.png
10_268037364_97cb639b9e.jpg 10_268037364_97cb639b9e.png
10_268050666_fd8484795a.jpg 10_268050666_fd8484795a.png
10_268051804_e75c8bd959.jpg 10_268051804_e75c8bd959.png
10_268067924_c212238b2b.jpg 10_268067924_c212238b2b.png
10_268092274_58b19335ec.jpg 10_268092274_58b19335ec.png
10_268095200_956217bde8.jpg 10_268095200_956217bde8.png
10_268121720_f0d8c64b88.jpg 10_268121720_f0d8c64b88.png
10_268131111_8fbe13baef.jpg 10_268131111_8fbe13baef.png
10_268132722_ee1448d776.jpg 10_268132722_ee1448d776.png
10_268139713_919734cac6.jpg 10_268139713_919734cac6.png
10_268142756_1007aab622.jpg 10_268142756_1007aab622.png
10_268145469_9c89086dd8.jpg 10_268145469_9c89086dd8.png
10_268146459_503a3645fe.jpg 10_268146459_503a3645fe.png
10_268150486_bc129aa419.jpg 10_268150486_bc129aa419.png
10_268167124_b277130727.jpg 10_268167124_b277130727.png
10_268171006_3b22a27896.jpg 10_268171006_3b22a27896.png
10_268181570_6369b8852f.jpg 10_268181570_6369b8852f.png
10_268210168_c2c0833ec7.jpg 10_268210168_c2c0833ec7.png
10_268211018_3b6c9d60fe.jpg 10_268211018_3b6c9d60fe.png
10_268213254_f293aaba36.jpg 10_268213254_f293aaba36.png
10_268213338_b07e31403f.jpg 10_268213338_b07e31403f.png
10_268214583_21290bd084.jpg 10_268214583_21290bd084.png
10_268217148_13cbed044f.jpg 10_268217148_13cbed044f.png
10_268227714_a9172f0585.jpg 10_268227714_a9172f0585.png
10_268231974_e051f78f99.jpg 10_268231974_e051f78f99.png
10_268232243_8022b3ca0a.jpg 10_268232243_8022b3ca0a.png
10_268232438_d4c7878070.jpg 10_268232438_d4c7878070.png
10_268232457_4d016499a5.jpg 10_268232457_4d016499a5.png
10_268232543_47709ca249.jpg 10_268232543_47709ca249.png
10_268233109_174ef0fd9b.jpg 10_268233109_174ef0fd9b.png
10_268242883_22851fd122.jpg 10_268242883_22851fd122.png
10_268246654_5600cde952.jpg 10_268246654_5600cde952.png
10_268256903_3b133255f4.jpg 10_268256903_3b133255f4.png
10_268257878_a7f3698218.jpg 10_268257878_a7f3698218.png
10_268260683_84238c97a4.jpg 10_268260683_84238c97a4.png
10_268262591_b9821c9af8.jpg 10_268262591_b9821c9af8.png
10_268262624_e2c6dfa278.jpg 10_268262624_e2c6dfa278.png
10_268263570_c28d1e707b.jpg 10_268263570_c28d1e707b.png
10_268272471_95133f344c.jpg 10_268272471_95133f344c.png
10_268283312_da35ac9f4c.jpg 10_268283312_da35ac9f4c.png
10_268283436_b55b7f7190.jpg 10_268283436_b55b7f7190.png
10_268283665_4ef68e1d4d.jpg 10_268283665_4ef68e1d4d.png
10_268283692_95ce1b1fb3.jpg 10_268283692_95ce1b1fb3.png
10_268284017_749118c309.jpg 10_268284017_749118c309.png
10_268284540_ff074283d2.jpg 10_268284540_ff074283d2.png
10_268284552_7906464eeb.jpg 10_268284552_7906464eeb.png
10_268284576_f631047f15.jpg 10_268284576_f631047f15.png
10_268284865_e4bc4109fe.jpg 10_268284865_e4bc4109fe.png
10_268285156_43e66d3ffd.jpg 10_268285156_43e66d3ffd.png
10_268289886_b23a2eb6a4.jpg 10_268289886_b23a2eb6a4.png
10_268302285_c68ec99f56.jpg 10_268302285_c68ec99f56.png
10_2719989.izfennel_p320001972.jpg 10_2719989.izfennel_p320001972.png
10_28113685.growl.jpg 10_28113685.growl.png
10_28242550.img_5000.jpg 10_28242550.img_5000.png
10_29475162.fuzhou620fupeixi1.jpg 10_29475162.fuzhou620fupeixi1.png
10_29912710.xcountry.jpg 10_29912710.xcountry.png
10_30169653.kazi.jpg 10_30169653.kazi.png
10_33152466.catlamp.jpg 10_33152466.catlamp.png
10_38136691.kleinekater.jpg 10_38136691.kleinekater.png
10_39452112.img_0488.jpg 10_39452112.img_0488.png
10_39881820.b91u0017.jpg 10_39881820.b91u0017.png
10_39898384.img_0501.jpg 10_39898384.img_0501.png
10_40682501.img_1575.jpg 10_40682501.img_1575.png
10_40837312.dsc_0800.jpg 10_40837312.dsc_0800.png
10_41100185.dsc_5762a.jpg 10_41100185.dsc_5762a.png
10_41491048.streakedspiderhunter.jpg 10_41491048.streakedspiderhunter.png
10_43047908.nandaihe.jpg 10_43047908.nandaihe.png
10_43137038.copyofds20050507_0056awfairliegallop.jpg 10_43137038.copyofds20050507_0056awfairliegallop.png
10_43642601.pasqueflowerpasqueflowerearlyeve.jpg 10_43642601.pasqueflowerpasqueflowerearlyeve.png
10_44399460.pinkflower.jpg 10_44399460.pinkflower.png
10_44859872.5.jpg 10_44859872.5.png
10_44859874.6.jpg 10_44859874.6.png
10_46084290.commontern2.jpg 10_46084290.commontern2.png
10_46084614.commontern5.jpg 10_46084614.commontern5.png
10_46642384.roadingjuly02006.jpg 10_46642384.roadingjuly02006.png
10_46642387.roadingjuly02009.jpg 10_46642387.roadingjuly02009.png
10_49930792.initiationjunior1134.jpg 10_49930792.initiationjunior1134.png
10_49930794.initiationjunior1140.jpg 10_49930794.initiationjunior1140.png
10_49930795.initiationjunior1141.jpg 10_49930795.initiationjunior1141.png
10_49930799.initiationjunior1145.jpg 10_49930799.initiationjunior1145.png
10_49930800.initiationjunior1146.jpg 10_49930800.initiationjunior1146.png
10_49930801.initiationjunior1147.jpg 10_49930801.initiationjunior1147.png
10_49930805.initiationjunior1151.jpg 10_49930805.initiationjunior1151.png
10_49930806.initiationjunior1152.jpg 10_49930806.initiationjunior1152.png
10_52202423.dscn0194.jpg 10_52202423.dscn0194.png
10_52202426.dscn0202.jpg 10_52202426.dscn0202.png
10_52202429.dscn0205.jpg 10_52202429.dscn0205.png
10_52202442.dscn0223.jpg 10_52202442.dscn0223.png
10_52202444.dscn0225.jpg 10_52202444.dscn0225.png
10_52202446.dscn0227.jpg 10_52202446.dscn0227.png
10_52202449.dscn0230.jpg 10_52202449.dscn0230.png
10_52202451.dscn0240.jpg 10_52202451.dscn0240.png
10_52202452.dscn0241.jpg 10_52202452.dscn0241.png
10_52202467.dscn0267.jpg 10_52202467.dscn0267.png
10_52202479.dscn0285.jpg 10_52202479.dscn0285.png
10_54628934.jan8_06_554.jpg 10_54628934.jan8_06_554.png
10_54628935.jan8_06_555.jpg 10_54628935.jan8_06_555.png
10_54646369.1ethansillykid.jpg 10_54646369.1ethansillykid.png
10_55651852.carlystreetweballey6.jpg 10_55651852.carlystreetweballey6.png
10_55651903.carlystreetwebstreet9.jpg 10_55651903.carlystreetwebstreet9.png
10_55657233.dsc_3867_y_jp.jpg 10_55657233.dsc_3867_y_jp.png
10_55768607.bitsy111.jpg 10_55768607.bitsy111.png
10_55974006.arabfillycanter.jpg 10_55974006.arabfillycanter.png
10_59271034.127_2729.jpg 10_59271034.127_2729.png
10_59271042.140_4092.jpg 10_59271042.140_4092.png
10_59271063.img_0605.jpg 10_59271063.img_0605.png
10_59271070.img_1436.jpg 10_59271070.img_1436.png
10_59271073.img_1750.jpg 10_59271073.img_1750.png
10_59271089.img_3385.jpg 10_59271089.img_3385.png
10_59271094.img_3692.jpg 10_59271094.img_3692.png
10_59271105.img_9130.jpg 10_59271105.img_9130.png
10_60607759.rosebreastedgrosbeakfemale.jpg 10_60607759.rosebreastedgrosbeakfemale.png
10_60666278.easterncottontail.jpg 10_60666278.easterncottontail.png
10_60866226.cedarwaxwing.jpg 10_60866226.cedarwaxwing.png
10_60866769.turkeyvulture2.jpg 10_60866769.turkeyvulture2.png
10_64229307.utd1927n.jpg 10_64229307.utd1927n.png
10_64386031.3qqfbtes.housefinch.jpg 10_64386031.3qqfbtes.housefinch.png
10_65345059.baxlulsq.img_7128_editsrgb.jpg 10_65345059.baxlulsq.img_7128_editsrgb.png
10_66830581.uvuxhte2.sept10_06_701.jpg 10_66830581.uvuxhte2.sept10_06_701.png
10_66830582.bxg9hxcr.sept10_06_702.jpg 10_66830582.bxg9hxcr.sept10_06_702.png
10_66830583.sdhhngr2.sept10_06_703.jpg 10_66830583.sdhhngr2.sept10_06_703.png
10_66830587.j2qal6cp.sept10_06_706.jpg 10_66830587.j2qal6cp.sept10_06_706.png
10_66830631.ag3y7hqi.sept10_06_747.jpg 10_66830631.ag3y7hqi.sept10_06_747.png
10_66830632.ncrvs2io.sept10_06_748.jpg 10_66830632.ncrvs2io.sept10_06_748.png
10_66830633.6hispsw2.sept10_06_749.jpg 10_66830633.6hispsw2.sept10_06_749.png
10_67151572.bn0308dt.jpg 10_67151572.bn0308dt.png
10_73754853_140eb787dd.jpg 10_73754853_140eb787dd.png
10_8168705.izcenoadj_p7070026640.jpg 10_8168705.izcenoadj_p7070026640.png
10_93082635_7f4aa15eed.jpg 10_93082635_7f4aa15eed.png
10_95071511_4720e4e540.jpg 10_95071511_4720e4e540.png
10_97146107_ddc8084759.jpg 10_97146107_ddc8084759.png
10_97320358_cc615b9019.jpg 10_97320358_cc615b9019.png
10_99533452_3c0e47e42d.jpg 10_99533452_3c0e47e42d.png
1_25_25164.jpg 1_25_25164.png
1_25_25226.jpg 1_25_25226.png
1_25_25257.jpg 1_25_25257.png
1_25_25389.jpg 1_25_25389.png
1_25_25954.jpg 1_25_25954.png
1_26_26026.jpg 1_26_26026.png
1_26_26104.jpg 1_26_26104.png
1_26_26113.jpg 1_26_26113.png
1_26_26213.jpg 1_26_26213.png
1_26_26233.jpg 1_26_26233.png
1_26_26366.jpg 1_26_26366.png
1_26_26640.jpg 1_26_26640.png
1_26_26739.jpg 1_26_26739.png
1_26_26763.jpg 1_26_26763.png
1_26_26833.jpg 1_26_26833.png
1_26_26847.jpg 1_26_26847.png
1_26_26853.jpg 1_26_26853.png
1_26_26945.jpg 1_26_26945.png
1_26_26982.jpg 1_26_26982.png
1_27_27003.jpg 1_27_27003.png
1_27_27033.jpg 1_27_27033.png
1_27_27543.jpg 1_27_27543.png
1_27_27705.jpg 1_27_27705.png
1_28_28003.jpg 1_28_28003.png
1_28_28373.jpg 1_28_28373.png
1_28_28391.jpg 1_28_28391.png
1_28_28407.jpg 1_28_28407.png
1_28_28717.jpg 1_28_28717.png
1_28_28763.jpg 1_28_28763.png
1_28_28970.jpg 1_28_28970.png
1_29_29028.jpg 1_29_29028.png
1_29_29099.jpg 1_29_29099.png
1_29_29138.jpg 1_29_29138.png
1_30_30022.jpg 1_30_30022.png
1_30_30051.jpg 1_30_30051.png
1_30_30277.jpg 1_30_30277.png
1_30_30286.jpg 1_30_30286.png
1_30_30561.jpg 1_30_30561.png
1_30_30736.jpg 1_30_30736.png
1_30_30757.jpg 1_30_30757.png
1_30_30927.jpg 1_30_30927.png
1_31_31439.jpg 1_31_31439.png
1_31_31447.jpg 1_31_31447.png
1_31_31682.jpg 1_31_31682.png
1_31_31720.jpg 1_31_31720.png
1_31_31764.jpg 1_31_31764.png
1_31_31773.jpg 1_31_31773.png
1_31_31980.jpg 1_31_31980.png
1_32_32148.jpg 1_32_32148.png
1_32_32165.jpg 1_32_32165.png
1_32_32185.jpg 1_32_32185.png
1_32_32226.jpg 1_32_32226.png
1_32_32331.jpg 1_32_32331.png
1_33_33347.jpg 1_33_33347.png
1_33_33527.jpg 1_33_33527.png
1_33_33554.jpg 1_33_33554.png
1_34_34086.jpg 1_34_34086.png
1_34_34236.jpg 1_34_34236.png
1_34_34261.jpg 1_34_34261.png
1_34_34467.jpg 1_34_34467.png
1_34_34578.jpg 1_34_34578.png
1_35_35516.jpg 1_35_35516.png
1_36_36235.jpg 1_36_36235.png
1_36_36321.jpg 1_36_36321.png
1_36_36429.jpg 1_36_36429.png
1_36_36543.jpg 1_36_36543.png
1_37_37446.jpg 1_37_37446.png
1_37_37702.jpg 1_37_37702.png
1_37_37703.jpg 1_37_37703.png
1_38_38130.jpg 1_38_38130.png
1_38_38131.jpg 1_38_38131.png
1_38_38229.jpg 1_38_38229.png
1_39_39185.jpg 1_39_39185.png
1_39_39354.jpg 1_39_39354.png
1_39_39603.jpg 1_39_39603.png
1_39_39738.jpg 1_39_39738.png
1_39_39739.jpg 1_39_39739.png
1_39_39748.jpg 1_39_39748.png
1_39_39917.jpg 1_39_39917.png
1_40_40642.jpg 1_40_40642.png
1_41_41001.jpg 1_41_41001.png
1_41_41022.jpg 1_41_41022.png
1_41_41023.jpg 1_41_41023.png
1_41_41686.jpg 1_41_41686.png
1_42_42334.jpg 1_42_42334.png
1_42_42470.jpg 1_42_42470.png
1_42_42484.jpg 1_42_42484.png
1_42_42881.jpg 1_42_42881.png
1_43_43183.jpg 1_43_43183.png
1_43_43215.jpg 1_43_43215.png
1_43_43412.jpg 1_43_43412.png
1_43_43637.jpg 1_43_43637.png
1_43_43894.jpg 1_43_43894.png
1_43_43899.jpg 1_43_43899.png
1_44_44044.jpg 1_44_44044.png
1_44_44112.jpg 1_44_44112.png
1_44_44321.jpg 1_44_44321.png
1_44_44344.jpg 1_44_44344.png
1_44_44379.jpg 1_44_44379.png
1_44_44553.jpg 1_44_44553.png
1_45_45287.jpg 1_45_45287.png
1_45_45328.jpg 1_45_45328.png
1_45_45358.jpg 1_45_45358.png
1_45_45405.jpg 1_45_45405.png
1_45_45577.jpg 1_45_45577.png
1_45_45691.jpg 1_45_45691.png
1_45_45777.jpg 1_45_45777.png
1_46_46151.jpg 1_46_46151.png
1_46_46312.jpg 1_46_46312.png
1_46_46662.jpg 1_46_46662.png
1_46_46672.jpg 1_46_46672.png
1_46_46825.jpg 1_46_46825.png
1_46_46857.jpg 1_46_46857.png
1_46_46992.jpg 1_46_46992.png
1_47_47211.jpg 1_47_47211.png
1_47_47334.jpg 1_47_47334.png
1_47_47964.jpg 1_47_47964.png
1_48_48060.jpg 1_48_48060.png
1_48_48251.jpg 1_48_48251.png
1_48_48311.jpg 1_48_48311.png
1_48_48383.jpg 1_48_48383.png
1_48_48386.jpg 1_48_48386.png
1_48_48388.jpg 1_48_48388.png
1_48_48668.jpg 1_48_48668.png
1_48_48755.jpg 1_48_48755.png
1_48_48840.jpg 1_48_48840.png
1_48_48924.jpg 1_48_48924.png
1_49_49039.jpg 1_49_49039.png
1_49_49123.jpg 1_49_49123.png
1_49_49419.jpg 1_49_49419.png
1_49_49481.jpg 1_49_49481.png
1_49_49500.jpg 1_49_49500.png
1_49_49503.jpg 1_49_49503.png
1_49_49674.jpg 1_49_49674.png
1_49_49900.jpg 1_49_49900.png
1_50_50413.jpg 1_50_50413.png
1_50_50833.jpg 1_50_50833.png
1_50_50836.jpg 1_50_50836.png
1_50_50878.jpg 1_50_50878.png
1_51_51116.jpg 1_51_51116.png
1_51_51134.jpg 1_51_51134.png
1_51_51286.jpg 1_51_51286.png
1_51_51366.jpg 1_51_51366.png
1_51_51642.jpg 1_51_51642.png
1_51_51689.jpg 1_51_51689.png
1_51_51725.jpg 1_51_51725.png
1_51_51784.jpg 1_51_51784.png
1_51_51872.jpg 1_51_51872.png
1_51_51875.jpg 1_51_51875.png
1_51_51972.jpg 1_51_51972.png
1_52_52052.jpg 1_52_52052.png
1_52_52082.jpg 1_52_52082.png
1_52_52465.jpg 1_52_52465.png
1_52_52759.jpg 1_52_52759.png
1_52_52878.jpg 1_52_52878.png
1_52_52964.jpg 1_52_52964.png
1_52_52999.jpg 1_52_52999.png
1_53_53009.jpg 1_53_53009.png
1_53_53174.jpg 1_53_53174.png
1_53_53497.jpg 1_53_53497.png
1_53_53725.jpg 1_53_53725.png
1_53_53766.jpg 1_53_53766.png
1_53_53905.jpg 1_53_53905.png
1_53_53989.jpg 1_53_53989.png
1_54_54381.jpg 1_54_54381.png
1_54_54383.jpg 1_54_54383.png
1_54_54722.jpg 1_54_54722.png
1_55_55207.jpg 1_55_55207.png
1_55_55230.jpg 1_55_55230.png
1_55_55344.jpg 1_55_55344.png
1_55_55346.jpg 1_55_55346.png
1_55_55407.jpg 1_55_55407.png
1_55_55491.jpg 1_55_55491.png
1_55_55589.jpg 1_55_55589.png
1_55_55601.jpg 1_55_55601.png
1_55_55613.jpg 1_55_55613.png
1_55_55677.jpg 1_55_55677.png
1_55_55731.jpg 1_55_55731.png
1_55_55874.jpg 1_55_55874.png
1_55_55923.jpg 1_55_55923.png
1_55_55970.jpg 1_55_55970.png
1_56_56041.jpg 1_56_56041.png
1_56_56043.jpg 1_56_56043.png
1_56_56048.jpg 1_56_56048.png
1_56_56055.jpg 1_56_56055.png
1_56_56150.jpg 1_56_56150.png
1_56_56155.jpg 1_56_56155.png
1_56_56159.jpg 1_56_56159.png
1_56_56174.jpg 1_56_56174.png
1_56_56543.jpg 1_56_56543.png
1_57_57054.jpg 1_57_57054.png
1_57_57302.jpg 1_57_57302.png
1_57_57441.jpg 1_57_57441.png
1_57_57642.jpg 1_57_57642.png
1_57_57798.jpg 1_57_57798.png
1_57_57840.jpg 1_57_57840.png
1_57_57910.jpg 1_57_57910.png
1_58_58696.jpg 1_58_58696.png
1_58_58843.jpg 1_58_58843.png
1_58_58854.jpg 1_58_58854.png
1_58_58924.jpg 1_58_58924.png
1_58_58944.jpg 1_58_58944.png
1_59_59047.jpg 1_59_59047.png
1_59_59085.jpg 1_59_59085.png
1_59_59137.jpg 1_59_59137.png
1_59_59253.jpg 1_59_59253.png
1_59_59421.jpg 1_59_59421.png
1_59_59468.jpg 1_59_59468.png
1_59_59495.jpg 1_59_59495.png
1_59_59550.jpg 1_59_59550.png
1_59_59563.jpg 1_59_59563.png
1_59_59823.jpg 1_59_59823.png
1_59_59909.jpg 1_59_59909.png
1_60_60097.jpg 1_60_60097.png
1_60_60281.jpg 1_60_60281.png
1_60_60387.jpg 1_60_60387.png
1_60_60730.jpg 1_60_60730.png
1_60_60758.jpg 1_60_60758.png
1_60_60884.jpg 1_60_60884.png
1_60_60933.jpg 1_60_60933.png
1_61_61011.jpg 1_61_61011.png
1_61_61018.jpg 1_61_61018.png
1_61_61098.jpg 1_61_61098.png
1_61_61141.jpg 1_61_61141.png
1_61_61192.jpg 1_61_61192.png
1_61_61260.jpg 1_61_61260.png
1_61_61299.jpg 1_61_61299.png
1_61_61562.jpg 1_61_61562.png
1_61_61603.jpg 1_61_61603.png
1_61_61640.jpg 1_61_61640.png
1_61_61668.jpg 1_61_61668.png
1_61_61767.jpg 1_61_61767.png
1_62_62065.jpg 1_62_62065.png
1_62_62798.jpg 1_62_62798.png
1_62_62861.jpg 1_62_62861.png
1_63_63150.jpg 1_63_63150.png
1_63_63398.jpg 1_63_63398.png
1_63_63411.jpg 1_63_63411.png
1_63_63499.jpg 1_63_63499.png
1_64_64053.jpg 1_64_64053.png
1_64_64272.jpg 1_64_64272.png
1_64_64480.jpg 1_64_64480.png
1_64_64709.jpg 1_64_64709.png
1_64_64815.jpg 1_64_64815.png
1_64_64891.jpg 1_64_64891.png
1_65_65200.jpg 1_65_65200.png
1_65_65292.jpg 1_65_65292.png
1_65_65437.jpg 1_65_65437.png
1_65_65742.jpg 1_65_65742.png
1_65_65743.jpg 1_65_65743.png
1_65_65859.jpg 1_65_65859.png
1_65_65864.jpg 1_65_65864.png
1_65_65994.jpg 1_65_65994.png
1_66_66017.jpg 1_66_66017.png
1_66_66111.jpg 1_66_66111.png
1_66_66201.jpg 1_66_66201.png
1_66_66254.jpg 1_66_66254.png
1_66_66552.jpg 1_66_66552.png
1_66_66640.jpg 1_66_66640.png
1_66_66667.jpg 1_66_66667.png
1_66_66696.jpg 1_66_66696.png
1_66_66821.jpg 1_66_66821.png
1_66_66940.jpg 1_66_66940.png
1_66_66941.jpg 1_66_66941.png
1_67_67165.jpg 1_67_67165.png
2_68_68343.jpg 2_68_68343.png
2_68_68592.jpg 2_68_68592.png
2_68_68932.jpg 2_68_68932.png
2_69_69141.jpg 2_69_69141.png
2_69_69152.jpg 2_69_69152.png
2_69_69490.jpg 2_69_69490.png
2_69_69666.jpg 2_69_69666.png
2_69_69802.jpg 2_69_69802.png
2_69_69903.jpg 2_69_69903.png
2_70_70132.jpg 2_70_70132.png
2_70_70211.jpg 2_70_70211.png
2_70_70242.jpg 2_70_70242.png
2_70_70269.jpg 2_70_70269.png
2_70_70320.jpg 2_70_70320.png
2_70_70587.jpg 2_70_70587.png
2_70_70604.jpg 2_70_70604.png
2_70_70669.jpg 2_70_70669.png
2_70_70693.jpg 2_70_70693.png
2_70_70761.jpg 2_70_70761.png
2_70_70783.jpg 2_70_70783.png
2_70_70863.jpg 2_70_70863.png
2_70_70915.jpg 2_70_70915.png
2_70_70943.jpg 2_70_70943.png
2_71_71085.jpg 2_71_71085.png
2_71_71632.jpg 2_71_71632.png
2_71_71771.jpg 2_71_71771.png
2_72_72152.jpg 2_72_72152.png
2_72_72319.jpg 2_72_72319.png
2_72_72352.jpg 2_72_72352.png
2_72_72377.jpg 2_72_72377.png
2_72_72778.jpg 2_72_72778.png
2_72_72940.jpg 2_72_72940.png
2_73_73034.jpg 2_73_73034.png
2_73_73225.jpg 2_73_73225.png
2_73_73260.jpg 2_73_73260.png
2_73_73453.jpg 2_73_73453.png
2_73_73493.jpg 2_73_73493.png
2_73_73494.jpg 2_73_73494.png
2_74_74096.jpg 2_74_74096.png
2_74_74124.jpg 2_74_74124.png
2_74_74172.jpg 2_74_74172.png
2_74_74275.jpg 2_74_74275.png
2_74_74293.jpg 2_74_74293.png
2_74_74385.jpg 2_74_74385.png
2_74_74448.jpg 2_74_74448.png
2_74_74478.jpg 2_74_74478.png
2_74_74641.jpg 2_74_74641.png
2_74_74722.jpg 2_74_74722.png
2_74_74783.jpg 2_74_74783.png
2_74_74876.jpg 2_74_74876.png
2_74_74879.jpg 2_74_74879.png
2_74_74979.jpg 2_74_74979.png
2_75_75154.jpg 2_75_75154.png
2_75_75231.jpg 2_75_75231.png
2_75_75252.jpg 2_75_75252.png
2_75_75449.jpg 2_75_75449.png
2_75_75805.jpg 2_75_75805.png
2_75_75920.jpg 2_75_75920.png
2_75_75971.jpg 2_75_75971.png
2_76_76026.jpg 2_76_76026.png
2_76_76123.jpg 2_76_76123.png
2_76_76170.jpg 2_76_76170.png
2_76_76184.jpg 2_76_76184.png
2_76_76186.jpg 2_76_76186.png
2_76_76272.jpg 2_76_76272.png
2_76_76326.jpg 2_76_76326.png
2_76_76343.jpg 2_76_76343.png
2_76_76407.jpg 2_76_76407.png
2_76_76750.jpg 2_76_76750.png
2_76_76795.jpg 2_76_76795.png
2_76_76819.jpg 2_76_76819.png
2_76_76831.jpg 2_76_76831.png
2_76_76874.jpg 2_76_76874.png
2_76_76880.jpg 2_76_76880.png
2_76_76897.jpg 2_76_76897.png
2_76_76957.jpg 2_76_76957.png
2_77_77008.jpg 2_77_77008.png
2_77_77023.jpg 2_77_77023.png
2_77_77055.jpg 2_77_77055.png
2_77_77058.jpg 2_77_77058.png
2_77_77109.jpg 2_77_77109.png
2_77_77133.jpg 2_77_77133.png
2_77_77167.jpg 2_77_77167.png
2_77_77529.jpg 2_77_77529.png
2_77_77552.jpg 2_77_77552.png
2_77_77563.jpg 2_77_77563.png
2_78_78096.jpg 2_78_78096.png
2_78_78222.jpg 2_78_78222.png
2_78_78261.jpg 2_78_78261.png
2_78_78523.jpg 2_78_78523.png
2_78_78545.jpg 2_78_78545.png
2_78_78560.jpg 2_78_78560.png
2_78_78635.jpg 2_78_78635.png
2_78_78656.jpg 2_78_78656.png
2_78_78706.jpg 2_78_78706.png
2_78_78716.jpg 2_78_78716.png
2_78_78986.jpg 2_78_78986.png
2_78_78993.jpg 2_78_78993.png
2_79_79255.jpg 2_79_79255.png
2_79_79293.jpg 2_79_79293.png
2_79_79327.jpg 2_79_79327.png
2_79_79424.jpg 2_79_79424.png
2_79_79609.jpg 2_79_79609.png
2_79_79621.jpg 2_79_79621.png
2_79_79705.jpg 2_79_79705.png
2_79_79889.jpg 2_79_79889.png
2_79_79959.jpg 2_79_79959.png
2_80_80028.jpg 2_80_80028.png
2_80_80321.jpg 2_80_80321.png
2_80_80333.jpg 2_80_80333.png
2_80_80398.jpg 2_80_80398.png
2_80_80528.jpg 2_80_80528.png
2_80_80552.jpg 2_80_80552.png
2_80_80567.jpg 2_80_80567.png
2_80_80715.jpg 2_80_80715.png
2_80_80887.jpg 2_80_80887.png
2_80_80949.jpg 2_80_80949.png
2_81_81304.jpg 2_81_81304.png
2_81_81531.jpg 2_81_81531.png
2_81_81637.jpg 2_81_81637.png
2_81_81639.jpg 2_81_81639.png
2_81_81718.jpg 2_81_81718.png
2_81_81784.jpg 2_81_81784.png
2_81_81827.jpg 2_81_81827.png
2_81_81838.jpg 2_81_81838.png
2_81_81862.jpg 2_81_81862.png
2_81_81988.jpg 2_81_81988.png
2_82_82130.jpg 2_82_82130.png
2_82_82198.jpg 2_82_82198.png
2_82_82204.jpg 2_82_82204.png
2_82_82220.jpg 2_82_82220.png
2_82_82287.jpg 2_82_82287.png
2_82_82301.jpg 2_82_82301.png
2_82_82346.jpg 2_82_82346.png
2_82_82528.jpg 2_82_82528.png
2_82_82695.jpg 2_82_82695.png
2_82_82757.jpg 2_82_82757.png
2_82_82947.jpg 2_82_82947.png
2_83_83133.jpg 2_83_83133.png
2_83_83230.jpg 2_83_83230.png
2_83_83356.jpg 2_83_83356.png
2_83_83713.jpg 2_83_83713.png
2_84_84012.jpg 2_84_84012.png
2_84_84240.jpg 2_84_84240.png
2_84_84342.jpg 2_84_84342.png
2_84_84343.jpg 2_84_84343.png
2_84_84466.jpg 2_84_84466.png
2_84_84496.jpg 2_84_84496.png
2_84_84574.jpg 2_84_84574.png
2_84_84979.jpg 2_84_84979.png
2_85_85111.jpg 2_85_85111.png
2_85_85210.jpg 2_85_85210.png
2_85_85288.jpg 2_85_85288.png
2_85_85496.jpg 2_85_85496.png
2_85_85551.jpg 2_85_85551.png
2_85_85617.jpg 2_85_85617.png
2_85_85861.jpg 2_85_85861.png
2_86_86020.jpg 2_86_86020.png
2_86_86173.jpg 2_86_86173.png
2_86_86300.jpg 2_86_86300.png
2_86_86324.jpg 2_86_86324.png
2_86_86600.jpg 2_86_86600.png
2_86_86682.jpg 2_86_86682.png
2_86_86808.jpg 2_86_86808.png
2_86_86828.jpg 2_86_86828.png
2_86_86999.jpg 2_86_86999.png
2_87_87077.jpg 2_87_87077.png
2_87_87900.jpg 2_87_87900.png
2_87_87983.jpg 2_87_87983.png
2_88_88159.jpg 2_88_88159.png
2_88_88163.jpg 2_88_88163.png
2_88_88198.jpg 2_88_88198.png
2_88_88416.jpg 2_88_88416.png
2_88_88528.jpg 2_88_88528.png
2_88_88645.jpg 2_88_88645.png
2_88_88911.jpg 2_88_88911.png
2_89_89063.jpg 2_89_89063.png
2_89_89169.jpg 2_89_89169.png
2_89_89218.jpg 2_89_89218.png
2_89_89250.jpg 2_89_89250.png
2_89_89283.jpg 2_89_89283.png
2_89_89348.jpg 2_89_89348.png
2_89_89433.jpg 2_89_89433.png
2_89_89460.jpg 2_89_89460.png
2_89_89660.jpg 2_89_89660.png
2_89_89673.jpg 2_89_89673.png
2_89_89688.jpg 2_89_89688.png
2_89_89851.jpg 2_89_89851.png
2_89_89905.jpg 2_89_89905.png
2_89_89955.jpg 2_89_89955.png
2_89_89991.jpg 2_89_89991.png
2_89_89997.jpg 2_89_89997.png
2_90_90039.jpg 2_90_90039.png
2_90_90119.jpg 2_90_90119.png
2_90_90287.jpg 2_90_90287.png
2_90_90306.jpg 2_90_90306.png
2_90_90342.jpg 2_90_90342.png
2_90_90392.jpg 2_90_90392.png
2_90_90393.jpg 2_90_90393.png
2_90_90407.jpg 2_90_90407.png
2_90_90434.jpg 2_90_90434.png
2_90_90503.jpg 2_90_90503.png
2_90_90567.jpg 2_90_90567.png
2_90_90626.jpg 2_90_90626.png
2_90_90658.jpg 2_90_90658.png
2_90_90771.jpg 2_90_90771.png
2_90_90887.jpg 2_90_90887.png
2_91_91391.jpg 2_91_91391.png
2_91_91646.jpg 2_91_91646.png
2_91_91717.jpg 2_91_91717.png
2_91_91732.jpg 2_91_91732.png
2_91_91853.jpg 2_91_91853.png
2_91_91953.jpg 2_91_91953.png
2_92_92143.jpg 2_92_92143.png
2_92_92179.jpg 2_92_92179.png
2_92_92216.jpg 2_92_92216.png
2_92_92253.jpg 2_92_92253.png
2_92_92287.jpg 2_92_92287.png
2_92_92517.jpg 2_92_92517.png
2_92_92558.jpg 2_92_92558.png
2_92_92577.jpg 2_92_92577.png
2_92_92678.jpg 2_92_92678.png
2_92_92684.jpg 2_92_92684.png
2_92_92797.jpg 2_92_92797.png
2_92_92836.jpg 2_92_92836.png
2_92_92852.jpg 2_92_92852.png
2_92_92860.jpg 2_92_92860.png
2_92_92935.jpg 2_92_92935.png
2_93_93105.jpg 2_93_93105.png
2_93_93337.jpg 2_93_93337.png
2_93_93365.jpg 2_93_93365.png
2_93_93375.jpg 2_93_93375.png
2_93_93506.jpg 2_93_93506.png
2_93_93515.jpg 2_93_93515.png
2_93_93571.jpg 2_93_93571.png
2_93_93663.jpg 2_93_93663.png
2_93_93781.jpg 2_93_93781.png
2_93_93798.jpg 2_93_93798.png
2_93_93890.jpg 2_93_93890.png
2_93_93933.jpg 2_93_93933.png
2_93_93978.jpg 2_93_93978.png
2_94_94015.jpg 2_94_94015.png
2_94_94088.jpg 2_94_94088.png
3_100_100061.jpg 3_100_100061.png
3_100_100070.jpg 3_100_100070.png
3_100_100391.jpg 3_100_100391.png
3_100_100461.jpg 3_100_100461.png
3_100_100486.jpg 3_100_100486.png
3_100_100633.jpg 3_100_100633.png
3_101_101314.jpg 3_101_101314.png
3_101_101372.jpg 3_101_101372.png
3_101_101389.jpg 3_101_101389.png
3_101_101403.jpg 3_101_101403.png
3_101_101434.jpg 3_101_101434.png
3_101_101449.jpg 3_101_101449.png
3_101_101466.jpg 3_101_101466.png
3_101_101469.jpg 3_101_101469.png
3_101_101470.jpg 3_101_101470.png
3_101_101513.jpg 3_101_101513.png
3_101_101693.jpg 3_101_101693.png
3_101_101902.jpg 3_101_101902.png
3_102_102105.jpg 3_102_102105.png
3_102_102440.jpg 3_102_102440.png
3_102_102445.jpg 3_102_102445.png
3_102_102510.jpg 3_102_102510.png
3_102_102751.jpg 3_102_102751.png
3_102_102768.jpg 3_102_102768.png
3_102_102948.jpg 3_102_102948.png
3_102_102983.jpg 3_102_102983.png
3_103_103161.jpg 3_103_103161.png
3_103_103198.jpg 3_103_103198.png
3_103_103279.jpg 3_103_103279.png
3_103_103291.jpg 3_103_103291.png
3_103_103299.jpg 3_103_103299.png
3_103_103319.jpg 3_103_103319.png
3_103_103561.jpg 3_103_103561.png
3_103_103660.jpg 3_103_103660.png
3_103_103713.jpg 3_103_103713.png
3_103_103795.jpg 3_103_103795.png
3_103_103946.jpg 3_103_103946.png
3_103_103951.jpg 3_103_103951.png
3_103_103970.jpg 3_103_103970.png
3_104_104066.jpg 3_104_104066.png
3_104_104094.jpg 3_104_104094.png
3_104_104351.jpg 3_104_104351.png
3_104_104428.jpg 3_104_104428.png
3_104_104507.jpg 3_104_104507.png
3_104_104639.jpg 3_104_104639.png
3_104_104650.jpg 3_104_104650.png
3_104_104800.jpg 3_104_104800.png
3_104_104845.jpg 3_104_104845.png
3_104_104849.jpg 3_104_104849.png
3_104_104873.jpg 3_104_104873.png
3_104_104957.jpg 3_104_104957.png
3_105_105166.jpg 3_105_105166.png
3_105_105268.jpg 3_105_105268.png
3_105_105297.jpg 3_105_105297.png
3_105_105346.jpg 3_105_105346.png
3_105_105395.jpg 3_105_105395.png
3_105_105413.jpg 3_105_105413.png
3_105_105455.jpg 3_105_105455.png
3_105_105695.jpg 3_105_105695.png
3_105_105778.jpg 3_105_105778.png
3_105_105937.jpg 3_105_105937.png
3_106_106116.jpg 3_106_106116.png
3_106_106139.jpg 3_106_106139.png
3_106_106215.jpg 3_106_106215.png
3_106_106219.jpg 3_106_106219.png
3_106_106258.jpg 3_106_106258.png
3_106_106263.jpg 3_106_106263.png
3_106_106276.jpg 3_106_106276.png
3_106_106307.jpg 3_106_106307.png
3_106_106354.jpg 3_106_106354.png
3_106_106394.jpg 3_106_106394.png
3_106_106740.jpg 3_106_106740.png
3_106_106954.jpg 3_106_106954.png
3_107_107056.jpg 3_107_107056.png
3_107_107210.jpg 3_107_107210.png
3_107_107466.jpg 3_107_107466.png
3_107_107505.jpg 3_107_107505.png
3_107_107615.jpg 3_107_107615.png
3_107_107623.jpg 3_107_107623.png
3_107_107694.jpg 3_107_107694.png
3_107_107745.jpg 3_107_107745.png
3_107_107892.jpg 3_107_107892.png
3_107_107934.jpg 3_107_107934.png
3_107_107985.jpg 3_107_107985.png
3_108_108132.jpg 3_108_108132.png
3_108_108227.jpg 3_108_108227.png
3_108_108450.jpg 3_108_108450.png
3_108_108487.jpg 3_108_108487.png
3_108_108559.jpg 3_108_108559.png
3_108_108588.jpg 3_108_108588.png
3_108_108793.jpg 3_108_108793.png
3_108_108853.jpg 3_108_108853.png
3_109_109104.jpg 3_109_109104.png
3_109_109233.jpg 3_109_109233.png
3_109_109241.jpg 3_109_109241.png
3_109_109297.jpg 3_109_109297.png
3_109_109356.jpg 3_109_109356.png
3_109_109377.jpg 3_109_109377.png
3_109_109424.jpg 3_109_109424.png
3_109_109435.jpg 3_109_109435.png
3_109_109647.jpg 3_109_109647.png
3_109_109851.jpg 3_109_109851.png
3_109_109932.jpg 3_109_109932.png
3_110_110340.jpg 3_110_110340.png
3_110_110554.jpg 3_110_110554.png
3_110_110864.jpg 3_110_110864.png
3_111_111124.jpg 3_111_111124.png
3_111_111223.jpg 3_111_111223.png
3_111_111246.jpg 3_111_111246.png
3_111_111461.jpg 3_111_111461.png
3_111_111687.jpg 3_111_111687.png
3_111_111694.jpg 3_111_111694.png
3_111_111877.jpg 3_111_111877.png
3_111_111955.jpg 3_111_111955.png
3_111_111956.jpg 3_111_111956.png
3_111_111965.jpg 3_111_111965.png
3_111_111980.jpg 3_111_111980.png
3_111_111984.jpg 3_111_111984.png
3_112_112102.jpg 3_112_112102.png
3_112_112121.jpg 3_112_112121.png
3_112_112122.jpg 3_112_112122.png
3_112_112135.jpg 3_112_112135.png
3_112_112198.jpg 3_112_112198.png
3_112_112621.jpg 3_112_112621.png
3_112_112691.jpg 3_112_112691.png
3_112_112751.jpg 3_112_112751.png
3_112_112855.jpg 3_112_112855.png
3_112_112981.jpg 3_112_112981.png
3_113_113361.jpg 3_113_113361.png
3_113_113865.jpg 3_113_113865.png
3_113_113879.jpg 3_113_113879.png
3_114_114100.jpg 3_114_114100.png
3_114_114110.jpg 3_114_114110.png
3_114_114436.jpg 3_114_114436.png
3_114_114993.jpg 3_114_114993.png
3_115_115077.jpg 3_115_115077.png
3_115_115125.jpg 3_115_115125.png
3_115_115151.jpg 3_115_115151.png
3_115_115396.jpg 3_115_115396.png
3_115_115537.jpg 3_115_115537.png
3_115_115554.jpg 3_115_115554.png
3_115_115573.jpg 3_115_115573.png
3_115_115809.jpg 3_115_115809.png
3_115_115958.jpg 3_115_115958.png
3_116_116237.jpg 3_116_116237.png
3_116_116365.jpg 3_116_116365.png
3_116_116448.jpg 3_116_116448.png
3_116_116499.jpg 3_116_116499.png
3_116_116747.jpg 3_116_116747.png
3_117_117086.jpg 3_117_117086.png
3_117_117104.jpg 3_117_117104.png
3_117_117165.jpg 3_117_117165.png
3_117_117200.jpg 3_117_117200.png
3_117_117328.jpg 3_117_117328.png
3_117_117382.jpg 3_117_117382.png
3_117_117435.jpg 3_117_117435.png
3_117_117491.jpg 3_117_117491.png
3_117_117819.jpg 3_117_117819.png
3_118_118210.jpg 3_118_118210.png
3_118_118272.jpg 3_118_118272.png
3_118_118274.jpg 3_118_118274.png
3_118_118283.jpg 3_118_118283.png
3_118_118374.jpg 3_118_118374.png
3_118_118428.jpg 3_118_118428.png
3_118_118582.jpg 3_118_118582.png
3_118_118639.jpg 3_118_118639.png
3_118_118791.jpg 3_118_118791.png
3_118_118966.jpg 3_118_118966.png
3_119_119029.jpg 3_119_119029.png
3_119_119076.jpg 3_119_119076.png
3_119_119106.jpg 3_119_119106.png
3_119_119338.jpg 3_119_119338.png
3_119_119650.jpg 3_119_119650.png
3_119_119732.jpg 3_119_119732.png
3_119_119915.jpg 3_119_119915.png
3_120_120015.jpg 3_120_120015.png
3_120_120197.jpg 3_120_120197.png
3_120_120394.jpg 3_120_120394.png
3_120_120451.jpg 3_120_120451.png
3_120_120553.jpg 3_120_120553.png
3_120_120641.jpg 3_120_120641.png
3_120_120781.jpg 3_120_120781.png
3_121_121090.jpg 3_121_121090.png
3_121_121194.jpg 3_121_121194.png
3_121_121200.jpg 3_121_121200.png
3_121_121834.jpg 3_121_121834.png
3_121_121982.jpg 3_121_121982.png
3_122_122004.jpg 3_122_122004.png
3_122_122407.jpg 3_122_122407.png
3_122_122904.jpg 3_122_122904.png
3_123_123059.jpg 3_123_123059.png
3_123_123374.jpg 3_123_123374.png
3_123_123424.jpg 3_123_123424.png
3_123_123510.jpg 3_123_123510.png
3_123_123538.jpg 3_123_123538.png
3_123_123573.jpg 3_123_123573.png
3_94_94137.jpg 3_94_94137.png
3_94_94263.jpg 3_94_94263.png
3_94_94291.jpg 3_94_94291.png
3_94_94359.jpg 3_94_94359.png
3_94_94371.jpg 3_94_94371.png
3_94_94490.jpg 3_94_94490.png
3_94_94650.jpg 3_94_94650.png
3_94_94781.jpg 3_94_94781.png
3_94_94826.jpg 3_94_94826.png
3_94_94844.jpg 3_94_94844.png
3_94_94894.jpg 3_94_94894.png
3_94_94902.jpg 3_94_94902.png
3_94_94953.jpg 3_94_94953.png
3_94_94985.jpg 3_94_94985.png
3_95_95044.jpg 3_95_95044.png
3_95_95049.jpg 3_95_95049.png
3_95_95116.jpg 3_95_95116.png
3_95_95325.jpg 3_95_95325.png
3_95_95340.jpg 3_95_95340.png
3_95_95343.jpg 3_95_95343.png
3_95_95440.jpg 3_95_95440.png
3_95_95581.jpg 3_95_95581.png
3_95_95597.jpg 3_95_95597.png
3_95_95642.jpg 3_95_95642.png
3_95_95660.jpg 3_95_95660.png
3_95_95680.jpg 3_95_95680.png
3_95_95689.jpg 3_95_95689.png
3_96_96013.jpg 3_96_96013.png
3_96_96207.jpg 3_96_96207.png
3_96_96340.jpg 3_96_96340.png
3_96_96563.jpg 3_96_96563.png
3_96_96597.jpg 3_96_96597.png
3_96_96769.jpg 3_96_96769.png
3_96_96778.jpg 3_96_96778.png
3_96_96962.jpg 3_96_96962.png
3_97_97137.jpg 3_97_97137.png
3_97_97280.jpg 3_97_97280.png
3_97_97676.jpg 3_97_97676.png
3_97_97769.jpg 3_97_97769.png
3_97_97863.jpg 3_97_97863.png
3_97_97915.jpg 3_97_97915.png
3_97_97976.jpg 3_97_97976.png
3_97_97994.jpg 3_97_97994.png
3_98_98012.jpg 3_98_98012.png
3_98_98020.jpg 3_98_98020.png
3_98_98087.jpg 3_98_98087.png
3_98_98252.jpg 3_98_98252.png
3_98_98257.jpg 3_98_98257.png
3_98_98431.jpg 3_98_98431.png
3_98_98589.jpg 3_98_98589.png
3_98_98996.jpg 3_98_98996.png
3_99_99079.jpg 3_99_99079.png
3_99_99198.jpg 3_99_99198.png
3_99_99257.jpg 3_99_99257.png
3_99_99263.jpg 3_99_99263.png
3_99_99279.jpg 3_99_99279.png
3_99_99456.jpg 3_99_99456.png
3_99_99483.jpg 3_99_99483.png
3_99_99610.jpg 3_99_99610.png
3_99_99802.jpg 3_99_99802.png
4_123_123574.jpg 4_123_123574.png
4_123_123581.jpg 4_123_123581.png
4_123_123636.jpg 4_123_123636.png
4_123_123716.jpg 4_123_123716.png
4_123_123812.jpg 4_123_123812.png
4_123_123856.jpg 4_123_123856.png
4_123_123861.jpg 4_123_123861.png
4_123_123878.jpg 4_123_123878.png
4_123_123913.jpg 4_123_123913.png
4_123_123977.jpg 4_123_123977.png
4_124_124375.jpg 4_124_124375.png
4_124_124377.jpg 4_124_124377.png
4_124_124483.jpg 4_124_124483.png
4_124_124643.jpg 4_124_124643.png
4_124_124876.jpg 4_124_124876.png
4_124_124880.jpg 4_124_124880.png
4_125_125138.jpg 4_125_125138.png
4_125_125437.jpg 4_125_125437.png
4_125_125471.jpg 4_125_125471.png
4_125_125518.jpg 4_125_125518.png
4_125_125649.jpg 4_125_125649.png
4_125_125929.jpg 4_125_125929.png
4_125_125956.jpg 4_125_125956.png
4_125_125980.jpg 4_125_125980.png
4_126_126005.jpg 4_126_126005.png
4_126_126023.jpg 4_126_126023.png
4_126_126053.jpg 4_126_126053.png
4_126_126054.jpg 4_126_126054.png
4_126_126155.jpg 4_126_126155.png
4_126_126638.jpg 4_126_126638.png
4_126_126746.jpg 4_126_126746.png
4_126_126766.jpg 4_126_126766.png
4_126_126785.jpg 4_126_126785.png
4_126_126800.jpg 4_126_126800.png
4_126_126969.jpg 4_126_126969.png
4_127_127026.jpg 4_127_127026.png
4_127_127358.jpg 4_127_127358.png
4_127_127435.jpg 4_127_127435.png
4_127_127517.jpg 4_127_127517.png
4_127_127625.jpg 4_127_127625.png
4_127_127671.jpg 4_127_127671.png
4_127_127716.jpg 4_127_127716.png
4_127_127749.jpg 4_127_127749.png
4_127_127788.jpg 4_127_127788.png
4_127_127894.jpg 4_127_127894.png
4_127_127915.jpg 4_127_127915.png
4_128_128083.jpg 4_128_128083.png
4_128_128152.jpg 4_128_128152.png
4_128_128173.jpg 4_128_128173.png
4_128_128245.jpg 4_128_128245.png
4_128_128295.jpg 4_128_128295.png
4_128_128372.jpg 4_128_128372.png
4_128_128373.jpg 4_128_128373.png
4_128_128411.jpg 4_128_128411.png
4_128_128425.jpg 4_128_128425.png
4_128_128521.jpg 4_128_128521.png
4_128_128631.jpg 4_128_128631.png
4_128_128633.jpg 4_128_128633.png
4_128_128655.jpg 4_128_128655.png
4_128_128762.jpg 4_128_128762.png
4_128_128828.jpg 4_128_128828.png
4_128_128849.jpg 4_128_128849.png
4_129_129015.jpg 4_129_129015.png
4_129_129095.jpg 4_129_129095.png
4_129_129141.jpg 4_129_129141.png
4_129_129409.jpg 4_129_129409.png
4_129_129425.jpg 4_129_129425.png
4_129_129551.jpg 4_129_129551.png
4_129_129588.jpg 4_129_129588.png
4_129_129868.jpg 4_129_129868.png
4_129_129938.jpg 4_129_129938.png
4_130_130020.jpg 4_130_130020.png
4_130_130042.jpg 4_130_130042.png
4_130_130456.jpg 4_130_130456.png
4_130_130602.jpg 4_130_130602.png
4_130_130889.jpg 4_130_130889.png
4_130_130925.jpg 4_130_130925.png
4_131_131042.jpg 4_131_131042.png
4_131_131044.jpg 4_131_131044.png
4_131_131164.jpg 4_131_131164.png
4_131_131261.jpg 4_131_131261.png
4_131_131262.jpg 4_131_131262.png
4_131_131328.jpg 4_131_131328.png
4_131_131454.jpg 4_131_131454.png
4_131_131588.jpg 4_131_131588.png
4_131_131610.jpg 4_131_131610.png
4_131_131654.jpg 4_131_131654.png
4_132_132370.jpg 4_132_132370.png
4_132_132381.jpg 4_132_132381.png
4_132_132400.jpg 4_132_132400.png
4_132_132457.jpg 4_132_132457.png
4_132_132481.jpg 4_132_132481.png
4_132_132501.jpg 4_132_132501.png
4_132_132513.jpg 4_132_132513.png
4_132_132515.jpg 4_132_132515.png
4_132_132555.jpg 4_132_132555.png
4_132_132581.jpg 4_132_132581.png
4_132_132583.jpg 4_132_132583.png
4_132_132584.jpg 4_132_132584.png
4_132_132615.jpg 4_132_132615.png
4_132_132826.jpg 4_132_132826.png
4_133_133086.jpg 4_133_133086.png
4_133_133166.jpg 4_133_133166.png
4_133_133167.jpg 4_133_133167.png
4_133_133244.jpg 4_133_133244.png
4_133_133309.jpg 4_133_133309.png
4_133_133490.jpg 4_133_133490.png
4_133_133491.jpg 4_133_133491.png
4_133_133603.jpg 4_133_133603.png
4_133_133636.jpg 4_133_133636.png
4_133_133693.jpg 4_133_133693.png
4_133_133698.jpg 4_133_133698.png
4_133_133761.jpg 4_133_133761.png
4_133_133770.jpg 4_133_133770.png
4_133_133988.jpg 4_133_133988.png
4_134_134206.jpg 4_134_134206.png
4_134_134216.jpg 4_134_134216.png
4_134_134338.jpg 4_134_134338.png
4_134_134378.jpg 4_134_134378.png
4_134_134592.jpg 4_134_134592.png
4_134_134647.jpg 4_134_134647.png
4_134_134652.jpg 4_134_134652.png
4_134_134689.jpg 4_134_134689.png
4_134_134720.jpg 4_134_134720.png
4_134_134797.jpg 4_134_134797.png
4_134_134940.jpg 4_134_134940.png
4_134_134943.jpg 4_134_134943.png
4_134_134970.jpg 4_134_134970.png
4_135_135051.jpg 4_135_135051.png
4_135_135123.jpg 4_135_135123.png
4_135_135184.jpg 4_135_135184.png
4_135_135296.jpg 4_135_135296.png
4_135_135739.jpg 4_135_135739.png
4_135_135781.jpg 4_135_135781.png
4_135_135795.jpg 4_135_135795.png
4_136_136057.jpg 4_136_136057.png
4_136_136256.jpg 4_136_136256.png
4_136_136419.jpg 4_136_136419.png
4_136_136517.jpg 4_136_136517.png
4_136_136550.jpg 4_136_136550.png
4_136_136593.jpg 4_136_136593.png
4_136_136640.jpg 4_136_136640.png
4_136_136642.jpg 4_136_136642.png
4_136_136917.jpg 4_136_136917.png
4_137_137110.jpg 4_137_137110.png
4_137_137215.jpg 4_137_137215.png
4_137_137256.jpg 4_137_137256.png
4_137_137270.jpg 4_137_137270.png
4_137_137457.jpg 4_137_137457.png
4_137_137663.jpg 4_137_137663.png
4_137_137833.jpg 4_137_137833.png
4_137_137858.jpg 4_137_137858.png
4_138_138100.jpg 4_138_138100.png
4_138_138232.jpg 4_138_138232.png
4_138_138371.jpg 4_138_138371.png
4_138_138720.jpg 4_138_138720.png
4_138_138730.jpg 4_138_138730.png
4_138_138864.jpg 4_138_138864.png
4_138_138880.jpg 4_138_138880.png
4_138_138914.jpg 4_138_138914.png
4_138_138932.jpg 4_138_138932.png
4_138_138935.jpg 4_138_138935.png
4_138_138939.jpg 4_138_138939.png
4_139_139056.jpg 4_139_139056.png
4_139_139062.jpg 4_139_139062.png
4_139_139102.jpg 4_139_139102.png
4_139_139123.jpg 4_139_139123.png
4_139_139232.jpg 4_139_139232.png
4_139_139240.jpg 4_139_139240.png
4_139_139244.jpg 4_139_139244.png
4_139_139249.jpg 4_139_139249.png
4_139_139325.jpg 4_139_139325.png
4_139_139369.jpg 4_139_139369.png
4_139_139482.jpg 4_139_139482.png
4_139_139513.jpg 4_139_139513.png
4_139_139556.jpg 4_139_139556.png
4_139_139680.jpg 4_139_139680.png
4_140_140067.jpg 4_140_140067.png
4_140_140136.jpg 4_140_140136.png
4_140_140140.jpg 4_140_140140.png
4_140_140266.jpg 4_140_140266.png
4_140_140285.jpg 4_140_140285.png
4_140_140318.jpg 4_140_140318.png
4_140_140347.jpg 4_140_140347.png
4_140_140696.jpg 4_140_140696.png
4_140_140699.jpg 4_140_140699.png
4_140_140735.jpg 4_140_140735.png
4_140_140766.jpg 4_140_140766.png
4_141_141132.jpg 4_141_141132.png
4_141_141284.jpg 4_141_141284.png
4_141_141406.jpg 4_141_141406.png
4_141_141471.jpg 4_141_141471.png
4_141_141474.jpg 4_141_141474.png
4_141_141480.jpg 4_141_141480.png
4_141_141483.jpg 4_141_141483.png
4_141_141718.jpg 4_141_141718.png
4_141_141727.jpg 4_141_141727.png
4_141_141743.jpg 4_141_141743.png
4_141_141769.jpg 4_141_141769.png
4_141_141771.jpg 4_141_141771.png
4_141_141791.jpg 4_141_141791.png
4_141_141883.jpg 4_141_141883.png
4_141_141894.jpg 4_141_141894.png
4_141_141905.jpg 4_141_141905.png
4_141_141907.jpg 4_141_141907.png
4_141_141914.jpg 4_141_141914.png
4_141_141919.jpg 4_141_141919.png
4_142_142037.jpg 4_142_142037.png
4_142_142102.jpg 4_142_142102.png
4_142_142115.jpg 4_142_142115.png
4_142_142233.jpg 4_142_142233.png
4_142_142237.jpg 4_142_142237.png
4_142_142258.jpg 4_142_142258.png
4_142_142301.jpg 4_142_142301.png
4_142_142364.jpg 4_142_142364.png
4_142_142469.jpg 4_142_142469.png
4_142_142509.jpg 4_142_142509.png
4_142_142520.jpg 4_142_142520.png
4_142_142527.jpg 4_142_142527.png
4_142_142537.jpg 4_142_142537.png
4_142_142541.jpg 4_142_142541.png
4_142_142588.jpg 4_142_142588.png
4_142_142598.jpg 4_142_142598.png
4_142_142627.jpg 4_142_142627.png
4_142_142628.jpg 4_142_142628.png
4_142_142635.jpg 4_142_142635.png
4_142_142642.jpg 4_142_142642.png
4_142_142644.jpg 4_142_142644.png
4_142_142658.jpg 4_142_142658.png
4_142_142677.jpg 4_142_142677.png
4_142_142715.jpg 4_142_142715.png
4_142_142765.jpg 4_142_142765.png
4_142_142848.jpg 4_142_142848.png
4_142_142887.jpg 4_142_142887.png
4_142_142894.jpg 4_142_142894.png
4_142_142916.jpg 4_142_142916.png
4_143_143056.jpg 4_143_143056.png
4_143_143078.jpg 4_143_143078.png
4_143_143198.jpg 4_143_143198.png
4_143_143253.jpg 4_143_143253.png
4_143_143505.jpg 4_143_143505.png
4_143_143609.jpg 4_143_143609.png
4_143_143630.jpg 4_143_143630.png
4_143_143691.jpg 4_143_143691.png
4_143_143735.jpg 4_143_143735.png
4_143_143747.jpg 4_143_143747.png
4_143_143757.jpg 4_143_143757.png
4_143_143828.jpg 4_143_143828.png
4_143_143913.jpg 4_143_143913.png
4_143_143962.jpg 4_143_143962.png
4_144_144178.jpg 4_144_144178.png
4_144_144374.jpg 4_144_144374.png
4_144_144408.jpg 4_144_144408.png
4_144_144439.jpg 4_144_144439.png
4_144_144500.jpg 4_144_144500.png
4_144_144682.jpg 4_144_144682.png
4_144_144785.jpg 4_144_144785.png
4_144_144961.jpg 4_144_144961.png
5_145_145275.jpg 5_145_145275.png
5_145_145322.jpg 5_145_145322.png
5_145_145486.jpg 5_145_145486.png
5_145_145523.jpg 5_145_145523.png
5_145_145717.jpg 5_145_145717.png
5_145_145839.jpg 5_145_145839.png
5_146_146158.jpg 5_146_146158.png
5_146_146319.jpg 5_146_146319.png
5_146_146332.jpg 5_146_146332.png
5_146_146464.jpg 5_146_146464.png
5_146_146546.jpg 5_146_146546.png
5_146_146551.jpg 5_146_146551.png
5_146_146599.jpg 5_146_146599.png
5_146_146660.jpg 5_146_146660.png
5_146_146838.jpg 5_146_146838.png
5_147_147030.jpg 5_147_147030.png
5_147_147132.jpg 5_147_147132.png
5_147_147338.jpg 5_147_147338.png
5_147_147342.jpg 5_147_147342.png
5_147_147394.jpg 5_147_147394.png
5_147_147693.jpg 5_147_147693.png
5_147_147694.jpg 5_147_147694.png
5_147_147712.jpg 5_147_147712.png
5_147_147898.jpg 5_147_147898.png
5_148_148059.jpg 5_148_148059.png
5_148_148067.jpg 5_148_148067.png
5_148_148271.jpg 5_148_148271.png
5_148_148420.jpg 5_148_148420.png
5_148_148438.jpg 5_148_148438.png
5_148_148593.jpg 5_148_148593.png
5_148_148662.jpg 5_148_148662.png
5_148_148710.jpg 5_148_148710.png
5_148_148954.jpg 5_148_148954.png
5_149_149055.jpg 5_149_149055.png
5_149_149153.jpg 5_149_149153.png
5_149_149828.jpg 5_149_149828.png
5_149_149842.jpg 5_149_149842.png
5_149_149858.jpg 5_149_149858.png
5_150_150104.jpg 5_150_150104.png
5_150_150186.jpg 5_150_150186.png
5_150_150259.jpg 5_150_150259.png
5_150_150306.jpg 5_150_150306.png
5_150_150486.jpg 5_150_150486.png
5_150_150513.jpg 5_150_150513.png
5_150_150624.jpg 5_150_150624.png
5_150_150633.jpg 5_150_150633.png
5_150_150723.jpg 5_150_150723.png
5_150_150979.jpg 5_150_150979.png
5_151_151134.jpg 5_151_151134.png
5_151_151223.jpg 5_151_151223.png
5_151_151244.jpg 5_151_151244.png
5_151_151463.jpg 5_151_151463.png
5_151_151526.jpg 5_151_151526.png
5_151_151548.jpg 5_151_151548.png
5_151_151641.jpg 5_151_151641.png
5_151_151771.jpg 5_151_151771.png
5_151_151933.jpg 5_151_151933.png
5_152_152103.jpg 5_152_152103.png
5_152_152125.jpg 5_152_152125.png
5_152_152191.jpg 5_152_152191.png
5_152_152335.jpg 5_152_152335.png
5_152_152353.jpg 5_152_152353.png
5_152_152356.jpg 5_152_152356.png
5_152_152424.jpg 5_152_152424.png
5_152_152463.jpg 5_152_152463.png
5_152_152659.jpg 5_152_152659.png
5_152_152697.jpg 5_152_152697.png
5_152_152703.jpg 5_152_152703.png
5_152_152955.jpg 5_152_152955.png
5_153_153003.jpg 5_153_153003.png
5_153_153554.jpg 5_153_153554.png
5_153_153790.jpg 5_153_153790.png
5_153_153805.jpg 5_153_153805.png
5_153_153947.jpg 5_153_153947.png
5_153_153969.jpg 5_153_153969.png
5_154_154001.jpg 5_154_154001.png
5_154_154148.jpg 5_154_154148.png
5_154_154292.jpg 5_154_154292.png
5_154_154297.jpg 5_154_154297.png
5_154_154324.jpg 5_154_154324.png
5_154_154588.jpg 5_154_154588.png
5_154_154914.jpg 5_154_154914.png
5_155_155026.jpg 5_155_155026.png
5_155_155028.jpg 5_155_155028.png
5_155_155096.jpg 5_155_155096.png
5_155_155113.jpg 5_155_155113.png
5_155_155145.jpg 5_155_155145.png
5_155_155196.jpg 5_155_155196.png
5_155_155204.jpg 5_155_155204.png
5_155_155206.jpg 5_155_155206.png
5_155_155260.jpg 5_155_155260.png
5_155_155261.jpg 5_155_155261.png
5_155_155451.jpg 5_155_155451.png
5_155_155658.jpg 5_155_155658.png
5_155_155745.jpg 5_155_155745.png
5_155_155983.jpg 5_155_155983.png
5_156_156109.jpg 5_156_156109.png
5_156_156160.jpg 5_156_156160.png
5_156_156251.jpg 5_156_156251.png
5_156_156260.jpg 5_156_156260.png
5_156_156392.jpg 5_156_156392.png
5_156_156422.jpg 5_156_156422.png
5_156_156556.jpg 5_156_156556.png
5_156_156576.jpg 5_156_156576.png
5_156_156589.jpg 5_156_156589.png
5_157_157199.jpg 5_157_157199.png
5_157_157291.jpg 5_157_157291.png
5_157_157343.jpg 5_157_157343.png
5_157_157357.jpg 5_157_157357.png
5_157_157409.jpg 5_157_157409.png
5_157_157466.jpg 5_157_157466.png
5_157_157483.jpg 5_157_157483.png
5_157_157619.jpg 5_157_157619.png
5_157_157620.jpg 5_157_157620.png
5_158_158013.jpg 5_158_158013.png
5_158_158155.jpg 5_158_158155.png
5_158_158233.jpg 5_158_158233.png
5_158_158331.jpg 5_158_158331.png
5_158_158836.jpg 5_158_158836.png
5_159_159091.jpg 5_159_159091.png
5_159_159161.jpg 5_159_159161.png
5_159_159505.jpg 5_159_159505.png
5_159_159663.jpg 5_159_159663.png
5_159_159913.jpg 5_159_159913.png
5_159_159927.jpg 5_159_159927.png
5_159_159951.jpg 5_159_159951.png
5_160_160012.jpg 5_160_160012.png
5_160_160069.jpg 5_160_160069.png
5_160_160098.jpg 5_160_160098.png
5_160_160128.jpg 5_160_160128.png
5_160_160230.jpg 5_160_160230.png
5_160_160233.jpg 5_160_160233.png
5_160_160300.jpg 5_160_160300.png
5_160_160330.jpg 5_160_160330.png
5_160_160350.jpg 5_160_160350.png
5_160_160390.jpg 5_160_160390.png
5_160_160391.jpg 5_160_160391.png
5_160_160395.jpg 5_160_160395.png
5_160_160397.jpg 5_160_160397.png
5_160_160431.jpg 5_160_160431.png
5_160_160446.jpg 5_160_160446.png
5_160_160469.jpg 5_160_160469.png
5_160_160595.jpg 5_160_160595.png
5_160_160680.jpg 5_160_160680.png
5_160_160822.jpg 5_160_160822.png
5_160_160866.jpg 5_160_160866.png
5_160_160877.jpg 5_160_160877.png
5_160_160955.jpg 5_160_160955.png
5_161_161112.jpg 5_161_161112.png
5_161_161126.jpg 5_161_161126.png
5_161_161211.jpg 5_161_161211.png
5_161_161406.jpg 5_161_161406.png
5_161_161761.jpg 5_161_161761.png
5_161_161904.jpg 5_161_161904.png
5_161_161927.jpg 5_161_161927.png
5_161_161983.jpg 5_161_161983.png
5_161_161998.jpg 5_161_161998.png
5_162_162074.jpg 5_162_162074.png
5_162_162119.jpg 5_162_162119.png
5_162_162125.jpg 5_162_162125.png
5_162_162166.jpg 5_162_162166.png
5_162_162198.jpg 5_162_162198.png
5_162_162225.jpg 5_162_162225.png
5_162_162354.jpg 5_162_162354.png
5_162_162366.jpg 5_162_162366.png
5_162_162402.jpg 5_162_162402.png
5_162_162408.jpg 5_162_162408.png
5_162_162434.jpg 5_162_162434.png
5_162_162516.jpg 5_162_162516.png
5_162_162517.jpg 5_162_162517.png
5_162_162556.jpg 5_162_162556.png
5_162_162776.jpg 5_162_162776.png
5_162_162862.jpg 5_162_162862.png
5_162_162967.jpg 5_162_162967.png
5_163_163052.jpg 5_163_163052.png
5_163_163129.jpg 5_163_163129.png
5_163_163211.jpg 5_163_163211.png
5_163_163223.jpg 5_163_163223.png
5_163_163256.jpg 5_163_163256.png
5_163_163434.jpg 5_163_163434.png
5_163_163456.jpg 5_163_163456.png
5_163_163466.jpg 5_163_163466.png
5_163_163594.jpg 5_163_163594.png
5_163_163607.jpg 5_163_163607.png
5_163_163674.jpg 5_163_163674.png
5_163_163696.jpg 5_163_163696.png
5_163_163729.jpg 5_163_163729.png
5_163_163966.jpg 5_163_163966.png
5_163_163989.jpg 5_163_163989.png
5_164_164002.jpg 5_164_164002.png
5_164_164225.jpg 5_164_164225.png
5_164_164379.jpg 5_164_164379.png
5_164_164390.jpg 5_164_164390.png
5_164_164391.jpg 5_164_164391.png
5_164_164407.jpg 5_164_164407.png
5_164_164442.jpg 5_164_164442.png
5_164_164467.jpg 5_164_164467.png
5_164_164472.jpg 5_164_164472.png
5_164_164583.jpg 5_164_164583.png
5_164_164617.jpg 5_164_164617.png
5_164_164621.jpg 5_164_164621.png
5_164_164643.jpg 5_164_164643.png
5_164_164666.jpg 5_164_164666.png
5_164_164713.jpg 5_164_164713.png
5_164_164763.jpg 5_164_164763.png
5_164_164983.jpg 5_164_164983.png
5_165_165017.jpg 5_165_165017.png
5_165_165210.jpg 5_165_165210.png
5_165_165607.jpg 5_165_165607.png
5_165_165988.jpg 5_165_165988.png
5_166_166065.jpg 5_166_166065.png
5_166_166071.jpg 5_166_166071.png
5_166_166189.jpg 5_166_166189.png
5_166_166319.jpg 5_166_166319.png
5_166_166408.jpg 5_166_166408.png
5_166_166575.jpg 5_166_166575.png
5_166_166681.jpg 5_166_166681.png
5_166_166694.jpg 5_166_166694.png
5_166_166949.jpg 5_166_166949.png
5_167_167128.jpg 5_167_167128.png
5_167_167168.jpg 5_167_167168.png
5_167_167302.jpg 5_167_167302.png
5_167_167321.jpg 5_167_167321.png
5_167_167613.jpg 5_167_167613.png
5_167_167742.jpg 5_167_167742.png
5_167_167878.jpg 5_167_167878.png
5_167_167879.jpg 5_167_167879.png
5_167_167975.jpg 5_167_167975.png
5_167_167984.jpg 5_167_167984.png
5_167_167989.jpg 5_167_167989.png
5_167_167993.jpg 5_167_167993.png
5_168_168126.jpg 5_168_168126.png
5_168_168177.jpg 5_168_168177.png
5_168_168234.jpg 5_168_168234.png
5_168_168242.jpg 5_168_168242.png
5_168_168383.jpg 5_168_168383.png
5_168_168407.jpg 5_168_168407.png
5_168_168671.jpg 5_168_168671.png
5_168_168673.jpg 5_168_168673.png
5_168_168878.jpg 5_168_168878.png
5_168_168888.jpg 5_168_168888.png
5_168_168995.jpg 5_168_168995.png
5_169_169035.jpg 5_169_169035.png
5_169_169042.jpg 5_169_169042.png
5_169_169043.jpg 5_169_169043.png
6_169_169128.jpg 6_169_169128.png
6_169_169288.jpg 6_169_169288.png
6_169_169361.jpg 6_169_169361.png
6_169_169367.jpg 6_169_169367.png
6_169_169368.jpg 6_169_169368.png
6_169_169397.jpg 6_169_169397.png
6_169_169491.jpg 6_169_169491.png
6_169_169526.jpg 6_169_169526.png
6_169_169936.jpg 6_169_169936.png
6_170_170047.jpg 6_170_170047.png
6_170_170061.jpg 6_170_170061.png
6_170_170079.jpg 6_170_170079.png
6_170_170155.jpg 6_170_170155.png
6_170_170160.jpg 6_170_170160.png
6_170_170170.jpg 6_170_170170.png
6_170_170273.jpg 6_170_170273.png
6_170_170471.jpg 6_170_170471.png
6_170_170722.jpg 6_170_170722.png
6_170_170745.jpg 6_170_170745.png
6_170_170862.jpg 6_170_170862.png
6_170_170880.jpg 6_170_170880.png
6_170_170933.jpg 6_170_170933.png
6_171_171024.jpg 6_171_171024.png
6_171_171096.jpg 6_171_171096.png
6_171_171163.jpg 6_171_171163.png
6_171_171274.jpg 6_171_171274.png
6_171_171354.jpg 6_171_171354.png
6_171_171556.jpg 6_171_171556.png
6_171_171590.jpg 6_171_171590.png
6_171_171631.jpg 6_171_171631.png
6_171_171866.jpg 6_171_171866.png
6_171_171885.jpg 6_171_171885.png
6_171_171936.jpg 6_171_171936.png
6_172_172511.jpg 6_172_172511.png
6_172_172514.jpg 6_172_172514.png
6_172_172668.jpg 6_172_172668.png
6_172_172688.jpg 6_172_172688.png
6_172_172693.jpg 6_172_172693.png
6_172_172700.jpg 6_172_172700.png
6_172_172802.jpg 6_172_172802.png
6_172_172922.jpg 6_172_172922.png
6_173_173010.jpg 6_173_173010.png
6_173_173119.jpg 6_173_173119.png
6_173_173247.jpg 6_173_173247.png
6_173_173567.jpg 6_173_173567.png
6_173_173657.jpg 6_173_173657.png
6_173_173705.jpg 6_173_173705.png
6_173_173708.jpg 6_173_173708.png
6_173_173740.jpg 6_173_173740.png
6_173_173794.jpg 6_173_173794.png
6_173_173847.jpg 6_173_173847.png
6_174_174049.jpg 6_174_174049.png
6_174_174050.jpg 6_174_174050.png
6_174_174086.jpg 6_174_174086.png
6_174_174252.jpg 6_174_174252.png
6_174_174261.jpg 6_174_174261.png
6_174_174336.jpg 6_174_174336.png
6_174_174349.jpg 6_174_174349.png
6_174_174394.jpg 6_174_174394.png
6_174_174476.jpg 6_174_174476.png
6_174_174534.jpg 6_174_174534.png
6_174_174563.jpg 6_174_174563.png
6_174_174747.jpg 6_174_174747.png
6_174_174769.jpg 6_174_174769.png
6_174_174805.jpg 6_174_174805.png
6_174_174973.jpg 6_174_174973.png
6_174_174986.jpg 6_174_174986.png
6_175_175009.jpg 6_175_175009.png
6_175_175026.jpg 6_175_175026.png
6_175_175106.jpg 6_175_175106.png
6_175_175269.jpg 6_175_175269.png
6_175_175275.jpg 6_175_175275.png
6_175_175466.jpg 6_175_175466.png
6_175_175481.jpg 6_175_175481.png
6_175_175506.jpg 6_175_175506.png
6_175_175647.jpg 6_175_175647.png
6_175_175676.jpg 6_175_175676.png
6_175_175726.jpg 6_175_175726.png
6_175_175967.jpg 6_175_175967.png
6_176_176075.jpg 6_176_176075.png
6_176_176314.jpg 6_176_176314.png
6_176_176357.jpg 6_176_176357.png
6_176_176381.jpg 6_176_176381.png
6_176_176386.jpg 6_176_176386.png
6_176_176526.jpg 6_176_176526.png
6_176_176617.jpg 6_176_176617.png
6_176_176649.jpg 6_176_176649.png
6_176_176923.jpg 6_176_176923.png
6_176_176982.jpg 6_176_176982.png
6_177_177110.jpg 6_177_177110.png
6_177_177129.jpg 6_177_177129.png
6_177_177213.jpg 6_177_177213.png
6_177_177229.jpg 6_177_177229.png
6_177_177302.jpg 6_177_177302.png
6_177_177307.jpg 6_177_177307.png
6_177_177397.jpg 6_177_177397.png
6_177_177415.jpg 6_177_177415.png
6_177_177722.jpg 6_177_177722.png
6_178_178076.jpg 6_178_178076.png
6_178_178122.jpg 6_178_178122.png
6_178_178143.jpg 6_178_178143.png
6_178_178187.jpg 6_178_178187.png
6_178_178275.jpg 6_178_178275.png
6_178_178277.jpg 6_178_178277.png
6_178_178279.jpg 6_178_178279.png
6_178_178280.jpg 6_178_178280.png
6_178_178281.jpg 6_178_178281.png
6_178_178282.jpg 6_178_178282.png
6_178_178399.jpg 6_178_178399.png
6_178_178407.jpg 6_178_178407.png
6_178_178467.jpg 6_178_178467.png
6_178_178511.jpg 6_178_178511.png
6_178_178685.jpg 6_178_178685.png
6_178_178822.jpg 6_178_178822.png
6_178_178865.jpg 6_178_178865.png
6_178_178879.jpg 6_178_178879.png
6_178_178884.jpg 6_178_178884.png
6_178_178885.jpg 6_178_178885.png
6_178_178980.jpg 6_178_178980.png
6_179_179030.jpg 6_179_179030.png
6_179_179090.jpg 6_179_179090.png
6_179_179207.jpg 6_179_179207.png
6_179_179287.jpg 6_179_179287.png
6_179_179324.jpg 6_179_179324.png
6_179_179398.jpg 6_179_179398.png
6_179_179416.jpg 6_179_179416.png
6_179_179431.jpg 6_179_179431.png
6_179_179434.jpg 6_179_179434.png
6_179_179438.jpg 6_179_179438.png
6_179_179605.jpg 6_179_179605.png
6_179_179654.jpg 6_179_179654.png
6_179_179783.jpg 6_179_179783.png
6_180_180004.jpg 6_180_180004.png
6_180_180008.jpg 6_180_180008.png
6_180_180080.jpg 6_180_180080.png
6_180_180251.jpg 6_180_180251.png
6_180_180282.jpg 6_180_180282.png
6_180_180577.jpg 6_180_180577.png
6_180_180703.jpg 6_180_180703.png
6_180_180705.jpg 6_180_180705.png
6_180_180781.jpg 6_180_180781.png
6_180_180885.jpg 6_180_180885.png
6_181_181006.jpg 6_181_181006.png
6_181_181152.jpg 6_181_181152.png
6_181_181182.jpg 6_181_181182.png
6_181_181344.jpg 6_181_181344.png
6_181_181382.jpg 6_181_181382.png
6_181_181415.jpg 6_181_181415.png
6_181_181443.jpg 6_181_181443.png
6_181_181787.jpg 6_181_181787.png
6_181_181837.jpg 6_181_181837.png
6_181_181841.jpg 6_181_181841.png
6_181_181842.jpg 6_181_181842.png
6_181_181845.jpg 6_181_181845.png
6_181_181907.jpg 6_181_181907.png
6_181_181909.jpg 6_181_181909.png
6_181_181932.jpg 6_181_181932.png
6_181_181933.jpg 6_181_181933.png
6_181_181934.jpg 6_181_181934.png
6_181_181938.jpg 6_181_181938.png
6_181_181950.jpg 6_181_181950.png
6_181_181951.jpg 6_181_181951.png
6_181_181954.jpg 6_181_181954.png
6_182_182027.jpg 6_182_182027.png
6_182_182070.jpg 6_182_182070.png
6_182_182191.jpg 6_182_182191.png
6_182_182214.jpg 6_182_182214.png
6_182_182221.jpg 6_182_182221.png
6_182_182424.jpg 6_182_182424.png
6_182_182480.jpg 6_182_182480.png
6_182_182498.jpg 6_182_182498.png
6_182_182531.jpg 6_182_182531.png
6_182_182532.jpg 6_182_182532.png
6_182_182566.jpg 6_182_182566.png
6_182_182722.jpg 6_182_182722.png
6_182_182890.jpg 6_182_182890.png
6_183_183024.jpg 6_183_183024.png
6_183_183051.jpg 6_183_183051.png
6_183_183192.jpg 6_183_183192.png
6_183_183414.jpg 6_183_183414.png
6_183_183464.jpg 6_183_183464.png
6_183_183467.jpg 6_183_183467.png
6_183_183539.jpg 6_183_183539.png
6_183_183614.jpg 6_183_183614.png
6_183_183629.jpg 6_183_183629.png
6_183_183730.jpg 6_183_183730.png
6_183_183779.jpg 6_183_183779.png
6_183_183795.jpg 6_183_183795.png
6_183_183803.jpg 6_183_183803.png
6_183_183804.jpg 6_183_183804.png
6_183_183829.jpg 6_183_183829.png
6_183_183831.jpg 6_183_183831.png
6_183_183879.jpg 6_183_183879.png
6_184_184112.jpg 6_184_184112.png
6_184_184204.jpg 6_184_184204.png
6_184_184223.jpg 6_184_184223.png
6_184_184238.jpg 6_184_184238.png
6_184_184310.jpg 6_184_184310.png
6_184_184312.jpg 6_184_184312.png
6_184_184313.jpg 6_184_184313.png
6_184_184326.jpg 6_184_184326.png
6_184_184334.jpg 6_184_184334.png
6_184_184356.jpg 6_184_184356.png
6_184_184364.jpg 6_184_184364.png
6_184_184366.jpg 6_184_184366.png
6_184_184376.jpg 6_184_184376.png
6_184_184487.jpg 6_184_184487.png
6_184_184513.jpg 6_184_184513.png
6_184_184775.jpg 6_184_184775.png
6_184_184979.jpg 6_184_184979.png
6_185_185045.jpg 6_185_185045.png
6_185_185046.jpg 6_185_185046.png
6_185_185092.jpg 6_185_185092.png
6_185_185101.jpg 6_185_185101.png
6_185_185118.jpg 6_185_185118.png
6_185_185147.jpg 6_185_185147.png
6_185_185156.jpg 6_185_185156.png
6_185_185166.jpg 6_185_185166.png
6_185_185184.jpg 6_185_185184.png
6_185_185261.jpg 6_185_185261.png
6_185_185267.jpg 6_185_185267.png
6_185_185320.jpg 6_185_185320.png
6_185_185436.jpg 6_185_185436.png
6_185_185479.jpg 6_185_185479.png
6_185_185581.jpg 6_185_185581.png
6_185_185592.jpg 6_185_185592.png
6_185_185714.jpg 6_185_185714.png
6_185_185883.jpg 6_185_185883.png
6_185_185884.jpg 6_185_185884.png
6_185_185951.jpg 6_185_185951.png
6_186_186022.jpg 6_186_186022.png
6_186_186041.jpg 6_186_186041.png
6_186_186109.jpg 6_186_186109.png
6_186_186111.jpg 6_186_186111.png
6_186_186120.jpg 6_186_186120.png
6_186_186216.jpg 6_186_186216.png
6_186_186294.jpg 6_186_186294.png
6_186_186299.jpg 6_186_186299.png
6_186_186340.jpg 6_186_186340.png
6_186_186617.jpg 6_186_186617.png
6_186_186637.jpg 6_186_186637.png
6_186_186717.jpg 6_186_186717.png
6_186_186738.jpg 6_186_186738.png
6_186_186799.jpg 6_186_186799.png
6_186_186911.jpg 6_186_186911.png
6_186_186937.jpg 6_186_186937.png
6_186_186978.jpg 6_186_186978.png
6_187_187026.jpg 6_187_187026.png
6_187_187039.jpg 6_187_187039.png
6_187_187060.jpg 6_187_187060.png
6_187_187068.jpg 6_187_187068.png
6_187_187092.jpg 6_187_187092.png
6_187_187187.jpg 6_187_187187.png
6_187_187192.jpg 6_187_187192.png
6_187_187270.jpg 6_187_187270.png
6_187_187587.jpg 6_187_187587.png
7_187_187644.jpg 7_187_187644.png
7_187_187772.jpg 7_187_187772.png
7_187_187858.jpg 7_187_187858.png
7_187_187877.jpg 7_187_187877.png
7_187_187891.jpg 7_187_187891.png
7_187_187965.jpg 7_187_187965.png
7_187_187975.jpg 7_187_187975.png
7_188_188009.jpg 7_188_188009.png
7_188_188016.jpg 7_188_188016.png
7_188_188041.jpg 7_188_188041.png
7_188_188053.jpg 7_188_188053.png
7_188_188076.jpg 7_188_188076.png
7_188_188150.jpg 7_188_188150.png
7_188_188152.jpg 7_188_188152.png
7_188_188221.jpg 7_188_188221.png
7_188_188335.jpg 7_188_188335.png
7_188_188375.jpg 7_188_188375.png
7_188_188443.jpg 7_188_188443.png
7_188_188612.jpg 7_188_188612.png
7_188_188629.jpg 7_188_188629.png
7_188_188671.jpg 7_188_188671.png
7_188_188821.jpg 7_188_188821.png
7_188_188858.jpg 7_188_188858.png
7_188_188878.jpg 7_188_188878.png
7_188_188900.jpg 7_188_188900.png
7_188_188996.jpg 7_188_188996.png
7_189_189052.jpg 7_189_189052.png
7_189_189055.jpg 7_189_189055.png
7_189_189111.jpg 7_189_189111.png
7_189_189257.jpg 7_189_189257.png
7_189_189291.jpg 7_189_189291.png
7_189_189358.jpg 7_189_189358.png
7_189_189395.jpg 7_189_189395.png
7_189_189447.jpg 7_189_189447.png
7_189_189451.jpg 7_189_189451.png
7_189_189652.jpg 7_189_189652.png
7_189_189653.jpg 7_189_189653.png
7_189_189656.jpg 7_189_189656.png
7_189_189668.jpg 7_189_189668.png
7_189_189749.jpg 7_189_189749.png
7_190_190106.jpg 7_190_190106.png
7_190_190268.jpg 7_190_190268.png
7_190_190361.jpg 7_190_190361.png
7_190_190595.jpg 7_190_190595.png
7_190_190605.jpg 7_190_190605.png
7_190_190623.jpg 7_190_190623.png
7_190_190778.jpg 7_190_190778.png
7_190_190783.jpg 7_190_190783.png
7_190_190902.jpg 7_190_190902.png
7_190_190969.jpg 7_190_190969.png
7_190_190999.jpg 7_190_190999.png
7_191_191008.jpg 7_191_191008.png
7_191_191009.jpg 7_191_191009.png
7_191_191154.jpg 7_191_191154.png
7_191_191174.jpg 7_191_191174.png
7_191_191272.jpg 7_191_191272.png
7_191_191341.jpg 7_191_191341.png
7_191_191373.jpg 7_191_191373.png
7_191_191513.jpg 7_191_191513.png
7_192_192101.jpg 7_192_192101.png
7_192_192173.jpg 7_192_192173.png
7_192_192350.jpg 7_192_192350.png
7_192_192365.jpg 7_192_192365.png
7_192_192428.jpg 7_192_192428.png
7_192_192719.jpg 7_192_192719.png
7_192_192856.jpg 7_192_192856.png
7_192_192869.jpg 7_192_192869.png
7_192_192893.jpg 7_192_192893.png
7_192_192928.jpg 7_192_192928.png
7_193_193020.jpg 7_193_193020.png
7_193_193104.jpg 7_193_193104.png
7_193_193139.jpg 7_193_193139.png
7_193_193991.jpg 7_193_193991.png
7_194_194027.jpg 7_194_194027.png
7_194_194183.jpg 7_194_194183.png
7_194_194203.jpg 7_194_194203.png
7_194_194215.jpg 7_194_194215.png
7_194_194229.jpg 7_194_194229.png
7_194_194243.jpg 7_194_194243.png
7_194_194269.jpg 7_194_194269.png
7_194_194797.jpg 7_194_194797.png
7_194_194833.jpg 7_194_194833.png
7_194_194899.jpg 7_194_194899.png
7_194_194993.jpg 7_194_194993.png
7_195_195176.jpg 7_195_195176.png
7_195_195198.jpg 7_195_195198.png
7_195_195416.jpg 7_195_195416.png
7_195_195611.jpg 7_195_195611.png
7_195_195718.jpg 7_195_195718.png
7_195_195812.jpg 7_195_195812.png
7_195_195882.jpg 7_195_195882.png
7_196_196096.jpg 7_196_196096.png
7_196_196240.jpg 7_196_196240.png
7_196_196386.jpg 7_196_196386.png
7_196_196614.jpg 7_196_196614.png
7_196_196631.jpg 7_196_196631.png
7_196_196775.jpg 7_196_196775.png
7_196_196776.jpg 7_196_196776.png
7_196_196820.jpg 7_196_196820.png
7_196_196980.jpg 7_196_196980.png
7_197_197020.jpg 7_197_197020.png
7_197_197087.jpg 7_197_197087.png
7_197_197102.jpg 7_197_197102.png
7_197_197113.jpg 7_197_197113.png
7_197_197186.jpg 7_197_197186.png
7_197_197349.jpg 7_197_197349.png
7_197_197390.jpg 7_197_197390.png
7_197_197411.jpg 7_197_197411.png
7_197_197514.jpg 7_197_197514.png
7_197_197520.jpg 7_197_197520.png
7_197_197589.jpg 7_197_197589.png
7_197_197682.jpg 7_197_197682.png
7_197_197687.jpg 7_197_197687.png
7_197_197876.jpg 7_197_197876.png
7_197_197996.jpg 7_197_197996.png
7_198_198044.jpg 7_198_198044.png
7_198_198073.jpg 7_198_198073.png
7_198_198095.jpg 7_198_198095.png
7_198_198179.jpg 7_198_198179.png
7_198_198183.jpg 7_198_198183.png
7_198_198394.jpg 7_198_198394.png
7_198_198400.jpg 7_198_198400.png
7_198_198494.jpg 7_198_198494.png
7_198_198638.jpg 7_198_198638.png
7_198_198640.jpg 7_198_198640.png
7_198_198728.jpg 7_198_198728.png
7_198_198748.jpg 7_198_198748.png
7_198_198918.jpg 7_198_198918.png
7_198_198953.jpg 7_198_198953.png
7_198_198958.jpg 7_198_198958.png
7_198_198998.jpg 7_198_198998.png
7_199_199045.jpg 7_199_199045.png
7_199_199059.jpg 7_199_199059.png
7_199_199241.jpg 7_199_199241.png
7_199_199273.jpg 7_199_199273.png
7_199_199281.jpg 7_199_199281.png
7_199_199309.jpg 7_199_199309.png
7_199_199366.jpg 7_199_199366.png
7_199_199442.jpg 7_199_199442.png
7_199_199642.jpg 7_199_199642.png
7_199_199643.jpg 7_199_199643.png
7_199_199669.jpg 7_199_199669.png
7_199_199691.jpg 7_199_199691.png
7_199_199692.jpg 7_199_199692.png
7_199_199936.jpg 7_199_199936.png
7_199_199952.jpg 7_199_199952.png
7_200_200012.jpg 7_200_200012.png
7_200_200378.jpg 7_200_200378.png
7_200_200384.jpg 7_200_200384.png
7_200_200443.jpg 7_200_200443.png
7_200_200555.jpg 7_200_200555.png
7_200_200745.jpg 7_200_200745.png
7_200_200941.jpg 7_200_200941.png
7_201_201035.jpg 7_201_201035.png
7_201_201126.jpg 7_201_201126.png
7_201_201213.jpg 7_201_201213.png
7_201_201292.jpg 7_201_201292.png
7_201_201326.jpg 7_201_201326.png
7_201_201366.jpg 7_201_201366.png
7_201_201394.jpg 7_201_201394.png
7_201_201412.jpg 7_201_201412.png
7_201_201516.jpg 7_201_201516.png
7_201_201545.jpg 7_201_201545.png
7_201_201725.jpg 7_201_201725.png
7_201_201743.jpg 7_201_201743.png
7_201_201758.jpg 7_201_201758.png
7_202_202033.jpg 7_202_202033.png
7_202_202075.jpg 7_202_202075.png
7_202_202157.jpg 7_202_202157.png
7_202_202166.jpg 7_202_202166.png
7_202_202183.jpg 7_202_202183.png
7_202_202235.jpg 7_202_202235.png
7_202_202280.jpg 7_202_202280.png
7_202_202289.jpg 7_202_202289.png
7_202_202293.jpg 7_202_202293.png
7_202_202308.jpg 7_202_202308.png
7_202_202345.jpg 7_202_202345.png
7_202_202422.jpg 7_202_202422.png
7_202_202435.jpg 7_202_202435.png
7_202_202443.jpg 7_202_202443.png
7_202_202489.jpg 7_202_202489.png
7_202_202553.jpg 7_202_202553.png
7_202_202565.jpg 7_202_202565.png
7_202_202576.jpg 7_202_202576.png
7_202_202587.jpg 7_202_202587.png
7_202_202613.jpg 7_202_202613.png
7_202_202637.jpg 7_202_202637.png
7_202_202708.jpg 7_202_202708.png
7_202_202723.jpg 7_202_202723.png
7_202_202920.jpg 7_202_202920.png
7_203_203069.jpg 7_203_203069.png
7_203_203099.jpg 7_203_203099.png
7_203_203252.jpg 7_203_203252.png
7_203_203453.jpg 7_203_203453.png
7_203_203526.jpg 7_203_203526.png
7_203_203760.jpg 7_203_203760.png
7_203_203849.jpg 7_203_203849.png
7_203_203851.jpg 7_203_203851.png
7_203_203897.jpg 7_203_203897.png
7_204_204017.jpg 7_204_204017.png
7_204_204115.jpg 7_204_204115.png
7_204_204201.jpg 7_204_204201.png
7_204_204261.jpg 7_204_204261.png
7_204_204300.jpg 7_204_204300.png
7_204_204588.jpg 7_204_204588.png
7_204_204599.jpg 7_204_204599.png
7_204_204609.jpg 7_204_204609.png
7_204_204661.jpg 7_204_204661.png
7_204_204745.jpg 7_204_204745.png
7_204_204802.jpg 7_204_204802.png
7_204_204804.jpg 7_204_204804.png
7_204_204947.jpg 7_204_204947.png
7_205_205028.jpg 7_205_205028.png
7_205_205040.jpg 7_205_205040.png
7_205_205157.jpg 7_205_205157.png
7_205_205162.jpg 7_205_205162.png
7_205_205174.jpg 7_205_205174.png
7_205_205250.jpg 7_205_205250.png
7_205_205328.jpg 7_205_205328.png
7_205_205332.jpg 7_205_205332.png
7_205_205363.jpg 7_205_205363.png
7_205_205373.jpg 7_205_205373.png
7_205_205377.jpg 7_205_205377.png
7_205_205420.jpg 7_205_205420.png
7_205_205479.jpg 7_205_205479.png
7_205_205500.jpg 7_205_205500.png
7_205_205544.jpg 7_205_205544.png
7_205_205643.jpg 7_205_205643.png
7_205_205702.jpg 7_205_205702.png
7_205_205703.jpg 7_205_205703.png
7_205_205721.jpg 7_205_205721.png
7_205_205900.jpg 7_205_205900.png
7_206_206022.jpg 7_206_206022.png
7_206_206026.jpg 7_206_206026.png
7_206_206284.jpg 7_206_206284.png
7_206_206330.jpg 7_206_206330.png
7_206_206481.jpg 7_206_206481.png
7_206_206548.jpg 7_206_206548.png
7_206_206606.jpg 7_206_206606.png
7_206_206631.jpg 7_206_206631.png
7_206_206703.jpg 7_206_206703.png
9_100075.jpg 9_100075.png
9_100080.jpg 9_100080.png
9_100098.jpg 9_100098.png
9_100633.jpg 9_100633.png
9_100999.jpg 9_100999.png
9_102_0260.jpg 9_102_0260.png
9_104022.jpg 9_104022.png
9_105053.jpg 9_105053.png
9_108028.jpg 9_108028.png
9_108070.jpg 9_108070.png
9_108076.jpg 9_108076.png
9_108_0873.jpg 9_108_0873.png
9_108_0881.jpg 9_108_0881.png
9_108_0883.jpg 9_108_0883.png
9_108_0892.jpg 9_108_0892.png
9_109034.jpg 9_109034.png
9_109053.jpg 9_109053.png
9_109_0936.jpg 9_109_0936.png
9_110_1002.jpg 9_110_1002.png
9_110_1027.jpg 9_110_1027.png
9_110_1028.jpg 9_110_1028.png
9_110_1030.jpg 9_110_1030.png
9_110_1072.jpg 9_110_1072.png
9_111_1136.jpg 9_111_1136.png
9_111_1139.jpg 9_111_1139.png
9_111_1153.jpg 9_111_1153.png
9_111_1162.jpg 9_111_1162.png
9_112268.jpg 9_112268.png
9_112449.jpg 9_112449.png
9_112515.jpg 9_112515.png
9_112_1276.jpg 9_112_1276.png
9_113016.jpg 9_113016.png
9_113044.jpg 9_113044.png
9_113418.jpg 9_113418.png
9_114_1428.jpg 9_114_1428.png
9_114_1429.jpg 9_114_1429.png
9_114_1431.jpg 9_114_1431.png
9_114_1435.jpg 9_114_1435.png
9_114_1439.jpg 9_114_1439.png
9_114_1443.jpg 9_114_1443.png
9_114_1446.jpg 9_114_1446.png
9_114_1447.jpg 9_114_1447.png
9_114_1464.jpg 9_114_1464.png
9_114_1467.jpg 9_114_1467.png
9_115479.jpg 9_115479.png
9_115_1580.jpg 9_115_1580.png
9_115_1581.jpg 9_115_1581.png
9_116758.jpg 9_116758.png
9_117003.jpg 9_117003.png
9_117200.jpg 9_117200.png
9_117_1751.jpg 9_117_1751.png
9_117_1752.jpg 9_117_1752.png
9_117_1753.jpg 9_117_1753.png
9_117_1754.jpg 9_117_1754.png
9_117_1757.jpg 9_117_1757.png
9_118035.jpg 9_118035.png
9_118_1869.jpg 9_118_1869.png
9_118_1875.jpg 9_118_1875.png
9_118_1878.jpg 9_118_1878.png
9_118_1883.jpg 9_118_1883.png
9_118_1900.jpg 9_118_1900.png
9_119_1936.jpg 9_119_1936.png
9_12084.jpg 9_12084.png
9_122048.jpg 9_122048.png
9_124_2500.jpg 9_124_2500.png
9_125_2501.jpg 9_125_2501.png
9_126007.jpg 9_126007.png
9_126_2677.jpg 9_126_2677.png
9_127_2790.jpg 9_127_2790.png
9_131260.jpg 9_131260.png
9_134008.jpg 9_134008.png
9_138078.jpg 9_138078.png
9_140061.jpg 9_140061.png
9_140075.jpg 9_140075.png
9_140827.jpg 9_140827.png
9_145014.jpg 9_145014.png
9_145053.jpg 9_145053.png
9_15001.jpg 9_15001.png
9_15002.jpg 9_15002.png
9_15036.jpg 9_15036.png
9_15041.jpg 9_15041.png
9_15063.jpg 9_15063.png
9_15074.jpg 9_15074.png
9_15087.jpg 9_15087.png
9_15088.jpg 9_15088.png
9_15120.jpg 9_15120.png
9_15122.jpg 9_15122.png
9_15151.jpg 9_15151.png
9_15200.jpg 9_15200.png
9_15213.jpg 9_15213.png
9_152_5246.jpg 9_152_5246.png
9_153_5325.jpg 9_153_5325.png
9_153_5328.jpg 9_153_5328.png
9_153_5366.jpg 9_153_5366.png
9_153_5398.jpg 9_153_5398.png
9_155060.jpg 9_155060.png
9_156079.jpg 9_156079.png
9_157_5727.jpg 9_157_5727.png
9_158_5839.jpg 9_158_5839.png
9_159029.jpg 9_159029.png
9_16052.jpg 9_16052.png
9_160_6083.jpg 9_160_6083.png
9_161062.jpg 9_161062.png
9_161_6143.jpg 9_161_6143.png
9_161_6145.jpg 9_161_6145.png
9_161_6146.jpg 9_161_6146.png
9_162_6230.jpg 9_162_6230.png
9_163014.jpg 9_163014.png
9_163062.jpg 9_163062.png
9_164_6484.jpg 9_164_6484.png
9_166081.jpg 9_166081.png
9_166_6650.jpg 9_166_6650.png
9_166_6654.jpg 9_166_6654.png
9_170054.jpg 9_170054.png
9_17050.jpg 9_17050.png
9_17077.jpg 9_17077.png
9_17118.jpg 9_17118.png
9_17188.jpg 9_17188.png
9_172032.jpg 9_172032.png
9_17212.jpg 9_17212.png
9_17238.jpg 9_17238.png
9_17249.jpg 9_17249.png
9_17262.jpg 9_17262.png
9_17282.jpg 9_17282.png
9_17332.jpg 9_17332.png
9_17336.jpg 9_17336.png
9_175_7551.jpg 9_175_7551.png
9_175_7583.jpg 9_175_7583.png
9_176019.jpg 9_176019.png
9_178_7847.jpg 9_178_7847.png
9_178_7848.jpg 9_178_7848.png
9_179_7945.jpg 9_179_7945.png
9_179_7946.jpg 9_179_7946.png
9_180_8015.jpg 9_180_8015.png
9_180_8024.jpg 9_180_8024.png
9_180_8028.jpg 9_180_8028.png
9_180_8044.jpg 9_180_8044.png
9_183_8309.jpg 9_183_8309.png
9_183_8314.jpg 9_183_8314.png
9_183_8318.jpg 9_183_8318.png
9_183_8320.jpg 9_183_8320.png
9_183_8321.jpg 9_183_8321.png
9_183_8322.jpg 9_183_8322.png
9_183_8336.jpg 9_183_8336.png
9_183_8395.jpg 9_183_8395.png
9_184_8494.jpg 9_184_8494.png
9_187083.jpg 9_187083.png
9_188063.jpg 9_188063.png
9_188091.jpg 9_188091.png
9_189011.jpg 9_189011.png
9_19021.jpg 9_19021.png
9_196015.jpg 9_196015.png
9_198054.jpg 9_198054.png
9_202012.jpg 9_202012.png
9_209070.jpg 9_209070.png
9_21077.jpg 9_21077.png
9_22001.jpg 9_22001.png
9_22013.jpg 9_22013.png
9_22029.jpg 9_22029.png
9_22104.jpg 9_22104.png
9_227040.jpg 9_227040.png
9_23001.jpg 9_23001.png
9_23002.jpg 9_23002.png
9_23025.jpg 9_23025.png
9_23051.jpg 9_23051.png
9_23074.jpg 9_23074.png
9_23080.jpg 9_23080.png
9_23104.jpg 9_23104.png
9_23117.jpg 9_23117.png
9_239007.jpg 9_239007.png
9_239096.jpg 9_239096.png
9_24004.jpg 9_24004.png
9_246016.jpg 9_246016.png
9_260081.jpg 9_260081.png
9_26926127.forsythia1.jpg 9_26926127.forsythia1.png
9_26995738.ibiris1.jpg 9_26995738.ibiris1.png
9_271008.jpg 9_271008.png
9_28010.jpg 9_28010.png
9_28026.jpg 9_28026.png
9_28052.jpg 9_28052.png
9_28080.jpg 9_28080.png
9_28117.jpg 9_28117.png
9_28162.jpg 9_28162.png
9_28180.jpg 9_28180.png
9_28195.jpg 9_28195.png
9_28198.jpg 9_28198.png
9_28210.jpg 9_28210.png
9_28244.jpg 9_28244.png
9_28278.jpg 9_28278.png
9_28316.jpg 9_28316.png
9_28579914.05.jpg 9_28579914.05.png
9_291000.jpg 9_291000.png
9_299091.jpg 9_299091.png
9_304034.jpg 9_304034.png
9_304074.jpg 9_304074.png
9_306005.jpg 9_306005.png
9_309004.jpg 9_309004.png
9_317080.jpg 9_317080.png
9_326038.jpg 9_326038.png
9_35008.jpg 9_35008.png
9_35010.jpg 9_35010.png
9_35058.jpg 9_35058.png
9_353013.jpg 9_353013.png
9_36253.jpg 9_36253.png
9_37073.jpg 9_37073.png
9_376020.jpg 9_376020.png
9_41025.jpg 9_41025.png
9_41069.jpg 9_41069.png
9_42044.jpg 9_42044.png
9_42049.jpg 9_42049.png
9_43070.jpg 9_43070.png
9_45096.jpg 9_45096.png
9_46076.jpg 9_46076.png
9_50314.jpg 9_50314.png
9_53915809.20051221_27lifeguard.jpg 9_53915809.20051221_27lifeguard.png
9_54375701.bearfishimg_6001640.jpg 9_54375701.bearfishimg_6001640.png
9_58060.jpg 9_58060.png
9_61086.jpg 9_61086.png
9_62096.jpg 9_62096.png
9_65010.jpg 9_65010.png
9_65074.jpg 9_65074.png
9_76053.jpg 9_76053.png
9_78004.jpg 9_78004.png
9_8049.jpg 9_8049.png
9_8143.jpg 9_8143.png
9_85048.jpg 9_85048.png
9_87046.jpg 9_87046.png
9_90076.jpg 9_90076.png
9_95_95660.jpg 9_95_95660.png
9_97017.jpg 9_97017.png
9_98350.jpg 9_98350.png
9_c_141.jpg 9_c_141.png
9_c_146.jpg 9_c_146.png
9_image_0004.jpg 9_image_0004.png
9_image_0014.jpg 9_image_0014.png
9_image_0015.jpg 9_image_0015.png
9_image_0025.jpg 9_image_0025.png
9_image_0027.jpg 9_image_0027.png
9_image_0036.jpg 9_image_0036.png
9_image_0039.jpg 9_image_0039.png
9_image_0044.jpg 9_image_0044.png
9_image_0054.jpg 9_image_0054.png
9_image_0057.jpg 9_image_0057.png
9_image_0058.jpg 9_image_0058.png
9_image_0068.jpg 9_image_0068.png
9_image_0072.jpg 9_image_0072.png
9_image_0083.jpg 9_image_0083.png
9_image_0086.jpg 9_image_0086.png
9_image_0103.jpg 9_image_0103.png
9_pushpin.jpg 9_pushpin.png
9_ss07002.jpg 9_ss07002.png
9_ss07033.jpg 9_ss07033.png
9_ss07036.jpg 9_ss07036.png
9_ss07080.jpg 9_ss07080.png
9_ss07085.jpg 9_ss07085.png
